[0.086s] DEBUG:colcon:Command line arguments: ['/home/parallels/.local/bin/colcon', 'build']
[0.086s] DEBUG:colcon:Parsed command line arguments: Namespace(log_base=None, log_level=None, verb_name='build', build_base='build', install_base='install', merge_install=False, symlink_install=False, test_result_base=None, continue_on_error=False, executor='parallel', parallel_workers=2, event_handlers=None, ignore_user_meta=False, metas=['./colcon.meta'], base_paths=['.'], packages_ignore=None, packages_ignore_regex=None, paths=None, packages_up_to=None, packages_up_to_regex=None, packages_above=None, packages_above_and_dependencies=None, packages_above_depth=None, packages_select_by_dep=None, packages_skip_by_dep=None, packages_skip_up_to=None, packages_select_build_failed=False, packages_skip_build_finished=False, packages_select_test_failures=False, packages_skip_test_passed=False, packages_select=None, packages_skip=None, packages_select_regex=None, packages_skip_regex=None, packages_start=None, packages_end=None, allow_overriding=[], cmake_args=None, cmake_target=None, cmake_target_skip_unavailable=False, cmake_clean_cache=False, cmake_clean_first=False, cmake_force_configure=False, ament_cmake_args=None, catkin_cmake_args=None, catkin_skip_building_tests=False, verb_parser=<colcon_defaults.argument_parser.defaults.DefaultArgumentsDecorator object at 0xffff97fdaf20>, verb_extension=<colcon_core.verb.build.BuildVerb object at 0xffff97fda950>, main=<bound method BuildVerb.main of <colcon_core.verb.build.BuildVerb object at 0xffff97fda950>>)
[0.216s] Level 1:colcon.colcon_core.package_discovery:discover_packages(colcon_meta) check parameters
[0.216s] Level 1:colcon.colcon_core.package_discovery:discover_packages(recursive) check parameters
[0.216s] Level 1:colcon.colcon_core.package_discovery:discover_packages(ignore) check parameters
[0.216s] Level 1:colcon.colcon_core.package_discovery:discover_packages(path) check parameters
[0.216s] Level 1:colcon.colcon_core.package_discovery:discover_packages(colcon_meta) discover
[0.216s] Level 1:colcon.colcon_core.package_discovery:discover_packages(recursive) discover
[0.216s] INFO:colcon.colcon_core.package_discovery:Crawling recursively for packages in '/home/parallels/calib_ws'
[0.216s] Level 1:colcon.colcon_core.package_identification:_identify(.) by extensions ['ignore', 'ignore_ament_install']
[0.216s] Level 1:colcon.colcon_core.package_identification:_identify(.) by extension 'ignore'
[0.217s] Level 1:colcon.colcon_core.package_identification:_identify(.) by extension 'ignore_ament_install'
[0.217s] Level 1:colcon.colcon_core.package_identification:_identify(.) by extensions ['colcon_pkg']
[0.217s] Level 1:colcon.colcon_core.package_identification:_identify(.) by extension 'colcon_pkg'
[0.217s] Level 1:colcon.colcon_core.package_identification:_identify(.) by extensions ['colcon_meta']
[0.217s] Level 1:colcon.colcon_core.package_identification:_identify(.) by extension 'colcon_meta'
[0.217s] Level 1:colcon.colcon_core.package_identification:_identify(.) by extensions ['ros']
[0.217s] Level 1:colcon.colcon_core.package_identification:_identify(.) by extension 'ros'
[0.223s] Level 1:colcon.colcon_core.package_identification:_identify(.) by extensions ['cmake', 'python']
[0.223s] Level 1:colcon.colcon_core.package_identification:_identify(.) by extension 'cmake'
[0.223s] Level 1:colcon.colcon_core.package_identification:_identify(.) by extension 'python'
[0.223s] Level 1:colcon.colcon_core.package_identification:_identify(.) by extensions ['python_setup_py']
[0.223s] Level 1:colcon.colcon_core.package_identification:_identify(.) by extension 'python_setup_py'
[0.223s] Level 1:colcon.colcon_core.package_identification:_identify(build) by extensions ['ignore', 'ignore_ament_install']
[0.223s] Level 1:colcon.colcon_core.package_identification:_identify(build) by extension 'ignore'
[0.223s] Level 1:colcon.colcon_core.package_identification:_identify(build) ignored
[0.223s] Level 1:colcon.colcon_core.package_identification:_identify(install) by extensions ['ignore', 'ignore_ament_install']
[0.223s] Level 1:colcon.colcon_core.package_identification:_identify(install) by extension 'ignore'
[0.223s] Level 1:colcon.colcon_core.package_identification:_identify(install) ignored
[0.223s] Level 1:colcon.colcon_core.package_identification:_identify(log) by extensions ['ignore', 'ignore_ament_install']
[0.223s] Level 1:colcon.colcon_core.package_identification:_identify(log) by extension 'ignore'
[0.223s] Level 1:colcon.colcon_core.package_identification:_identify(log) ignored
[0.223s] Level 1:colcon.colcon_core.package_identification:_identify(src) by extensions ['ignore', 'ignore_ament_install']
[0.223s] Level 1:colcon.colcon_core.package_identification:_identify(src) by extension 'ignore'
[0.223s] Level 1:colcon.colcon_core.package_identification:_identify(src) by extension 'ignore_ament_install'
[0.223s] Level 1:colcon.colcon_core.package_identification:_identify(src) by extensions ['colcon_pkg']
[0.223s] Level 1:colcon.colcon_core.package_identification:_identify(src) by extension 'colcon_pkg'
[0.223s] Level 1:colcon.colcon_core.package_identification:_identify(src) by extensions ['colcon_meta']
[0.223s] Level 1:colcon.colcon_core.package_identification:_identify(src) by extension 'colcon_meta'
[0.223s] Level 1:colcon.colcon_core.package_identification:_identify(src) by extensions ['ros']
[0.223s] Level 1:colcon.colcon_core.package_identification:_identify(src) by extension 'ros'
[0.223s] Level 1:colcon.colcon_core.package_identification:_identify(src) by extensions ['cmake', 'python']
[0.223s] Level 1:colcon.colcon_core.package_identification:_identify(src) by extension 'cmake'
[0.223s] Level 1:colcon.colcon_core.package_identification:_identify(src) by extension 'python'
[0.223s] Level 1:colcon.colcon_core.package_identification:_identify(src) by extensions ['python_setup_py']
[0.223s] Level 1:colcon.colcon_core.package_identification:_identify(src) by extension 'python_setup_py'
[0.223s] Level 1:colcon.colcon_core.package_identification:_identify(src/hand_eye_calibration) by extensions ['ignore', 'ignore_ament_install']
[0.223s] Level 1:colcon.colcon_core.package_identification:_identify(src/hand_eye_calibration) by extension 'ignore'
[0.223s] Level 1:colcon.colcon_core.package_identification:_identify(src/hand_eye_calibration) by extension 'ignore_ament_install'
[0.224s] Level 1:colcon.colcon_core.package_identification:_identify(src/hand_eye_calibration) by extensions ['colcon_pkg']
[0.224s] Level 1:colcon.colcon_core.package_identification:_identify(src/hand_eye_calibration) by extension 'colcon_pkg'
[0.224s] Level 1:colcon.colcon_core.package_identification:_identify(src/hand_eye_calibration) by extensions ['colcon_meta']
[0.224s] Level 1:colcon.colcon_core.package_identification:_identify(src/hand_eye_calibration) by extension 'colcon_meta'
[0.224s] Level 1:colcon.colcon_core.package_identification:_identify(src/hand_eye_calibration) by extensions ['ros']
[0.224s] Level 1:colcon.colcon_core.package_identification:_identify(src/hand_eye_calibration) by extension 'ros'
[0.226s] DEBUG:colcon.colcon_core.package_identification:Package 'src/hand_eye_calibration' with type 'ros.ament_cmake' and name 'hand_eye_calibration'
[0.226s] Level 1:colcon.colcon_core.package_discovery:discover_packages(recursive) using defaults
[0.226s] Level 1:colcon.colcon_core.package_discovery:discover_packages(ignore) discover
[0.226s] Level 1:colcon.colcon_core.package_discovery:discover_packages(ignore) using defaults
[0.226s] Level 1:colcon.colcon_core.package_discovery:discover_packages(path) discover
[0.226s] Level 1:colcon.colcon_core.package_discovery:discover_packages(path) using defaults
[0.241s] Level 1:colcon.colcon_core.package_discovery:discover_packages(prefix_path) check parameters
[0.241s] Level 1:colcon.colcon_core.package_discovery:discover_packages(prefix_path) discover
[0.242s] DEBUG:colcon.colcon_installed_package_information.package_discovery:Found 1 installed packages in /home/parallels/calib_ws/install
[0.242s] DEBUG:colcon.colcon_installed_package_information.package_discovery:Found 269 installed packages in /opt/ros/humble
[0.243s] Level 1:colcon.colcon_core.package_discovery:discover_packages(prefix_path) using defaults
[0.264s] Level 5:colcon.colcon_core.verb:set package 'hand_eye_calibration' build argument 'cmake_args' from command line to 'None'
[0.264s] Level 5:colcon.colcon_core.verb:set package 'hand_eye_calibration' build argument 'cmake_target' from command line to 'None'
[0.264s] Level 5:colcon.colcon_core.verb:set package 'hand_eye_calibration' build argument 'cmake_target_skip_unavailable' from command line to 'False'
[0.264s] Level 5:colcon.colcon_core.verb:set package 'hand_eye_calibration' build argument 'cmake_clean_cache' from command line to 'False'
[0.264s] Level 5:colcon.colcon_core.verb:set package 'hand_eye_calibration' build argument 'cmake_clean_first' from command line to 'False'
[0.264s] Level 5:colcon.colcon_core.verb:set package 'hand_eye_calibration' build argument 'cmake_force_configure' from command line to 'False'
[0.264s] Level 5:colcon.colcon_core.verb:set package 'hand_eye_calibration' build argument 'ament_cmake_args' from command line to 'None'
[0.264s] Level 5:colcon.colcon_core.verb:set package 'hand_eye_calibration' build argument 'catkin_cmake_args' from command line to 'None'
[0.264s] Level 5:colcon.colcon_core.verb:set package 'hand_eye_calibration' build argument 'catkin_skip_building_tests' from command line to 'False'
[0.264s] DEBUG:colcon.colcon_core.verb:Building package 'hand_eye_calibration' with the following arguments: {'ament_cmake_args': None, 'build_base': '/home/parallels/calib_ws/build/hand_eye_calibration', 'catkin_cmake_args': None, 'catkin_skip_building_tests': False, 'cmake_args': None, 'cmake_clean_cache': False, 'cmake_clean_first': False, 'cmake_force_configure': False, 'cmake_target': None, 'cmake_target_skip_unavailable': False, 'install_base': '/home/parallels/calib_ws/install/hand_eye_calibration', 'merge_install': False, 'path': '/home/parallels/calib_ws/src/hand_eye_calibration', 'symlink_install': False, 'test_result_base': None}
[0.264s] INFO:colcon.colcon_core.executor:Executing jobs using 'parallel' executor
[0.265s] DEBUG:colcon.colcon_parallel_executor.executor.parallel:run_until_complete
[0.265s] INFO:colcon.colcon_ros.task.ament_cmake.build:Building ROS package in '/home/parallels/calib_ws/src/hand_eye_calibration' with build type 'ament_cmake'
[0.265s] INFO:colcon.colcon_cmake.task.cmake.build:Building CMake package in '/home/parallels/calib_ws/src/hand_eye_calibration'
[0.267s] INFO:colcon.colcon_core.plugin_system:Skipping extension 'colcon_core.shell.bat': Not used on non-Windows systems
[0.267s] INFO:colcon.colcon_core.shell:Skip shell extension 'powershell' for command environment: Not usable outside of PowerShell
[0.267s] DEBUG:colcon.colcon_core.shell:Skip shell extension 'dsv' for command environment
[0.272s] DEBUG:colcon.colcon_core.event_handler.log_command:Invoking command in '/home/parallels/calib_ws/build/hand_eye_calibration': CMAKE_PREFIX_PATH=${CMAKE_PREFIX_PATH}:/opt/ros/humble /usr/bin/cmake --build /home/parallels/calib_ws/build/hand_eye_calibration -- -j2 -l2
[30.187s] DEBUG:colcon.colcon_parallel_executor.executor.parallel:run_until_complete was interrupted
[30.197s] DEBUG:colcon.colcon_parallel_executor.executor.parallel:run_until_complete again
[30.239s] DEBUG:colcon.colcon_core.event_handler.log_command:Invoked command in '/home/parallels/calib_ws/build/hand_eye_calibration' returned '-2': CMAKE_PREFIX_PATH=${CMAKE_PREFIX_PATH}:/opt/ros/humble /usr/bin/cmake --build /home/parallels/calib_ws/build/hand_eye_calibration -- -j2 -l2
[30.252s] Level 1:colcon.colcon_core.environment:create_environment_scripts_only(hand_eye_calibration)
[30.281s] Level 1:colcon.colcon_core.environment:checking '/home/parallels/calib_ws/install/hand_eye_calibration' for CMake module files
[30.284s] Level 1:colcon.colcon_core.environment:checking '/home/parallels/calib_ws/install/hand_eye_calibration' for CMake config files
[30.285s] Level 1:colcon.colcon_core.shell:create_environment_hook('hand_eye_calibration', 'cmake_prefix_path')
[30.286s] INFO:colcon.colcon_core.shell:Creating environment hook '/home/parallels/calib_ws/install/hand_eye_calibration/share/hand_eye_calibration/hook/cmake_prefix_path.ps1'
[30.294s] INFO:colcon.colcon_core.shell:Creating environment descriptor '/home/parallels/calib_ws/install/hand_eye_calibration/share/hand_eye_calibration/hook/cmake_prefix_path.dsv'
[30.304s] INFO:colcon.colcon_core.shell:Creating environment hook '/home/parallels/calib_ws/install/hand_eye_calibration/share/hand_eye_calibration/hook/cmake_prefix_path.sh'
[30.308s] Level 1:colcon.colcon_core.environment:checking '/home/parallels/calib_ws/install/hand_eye_calibration/lib'
[30.309s] Level 1:colcon.colcon_core.environment:checking '/home/parallels/calib_ws/install/hand_eye_calibration/bin'
[30.309s] Level 1:colcon.colcon_core.environment:checking '/home/parallels/calib_ws/install/hand_eye_calibration/lib/pkgconfig/hand_eye_calibration.pc'
[30.315s] Level 1:colcon.colcon_core.environment:checking '/home/parallels/calib_ws/install/hand_eye_calibration/lib/python3.10/site-packages'
[30.315s] Level 1:colcon.colcon_core.environment:checking '/home/parallels/calib_ws/install/hand_eye_calibration/bin'
[30.315s] INFO:colcon.colcon_core.shell:Creating package script '/home/parallels/calib_ws/install/hand_eye_calibration/share/hand_eye_calibration/package.ps1'
[30.317s] INFO:colcon.colcon_core.shell:Creating package descriptor '/home/parallels/calib_ws/install/hand_eye_calibration/share/hand_eye_calibration/package.dsv'
[30.318s] INFO:colcon.colcon_core.shell:Creating package script '/home/parallels/calib_ws/install/hand_eye_calibration/share/hand_eye_calibration/package.sh'
[30.319s] INFO:colcon.colcon_core.shell:Creating package script '/home/parallels/calib_ws/install/hand_eye_calibration/share/hand_eye_calibration/package.bash'
[30.321s] INFO:colcon.colcon_core.shell:Creating package script '/home/parallels/calib_ws/install/hand_eye_calibration/share/hand_eye_calibration/package.zsh'
[30.322s] Level 1:colcon.colcon_core.environment:create_file_with_runtime_dependencies(/home/parallels/calib_ws/install/hand_eye_calibration/share/colcon-core/packages/hand_eye_calibration)
[30.337s] DEBUG:colcon.colcon_parallel_executor.executor.parallel:run_until_complete finished
[30.337s] DEBUG:colcon.colcon_parallel_executor.executor.parallel:closing loop
[30.339s] DEBUG:colcon.colcon_parallel_executor.executor.parallel:loop closed
[30.339s] DEBUG:colcon.colcon_core.event_reactor:joining thread
[30.391s] INFO:colcon.colcon_core.plugin_system:Skipping extension 'colcon_notification.desktop_notification.terminal_notifier': Not used on non-Darwin systems
[30.392s] INFO:colcon.colcon_core.plugin_system:Skipping extension 'colcon_notification.desktop_notification.win32': Not used on non-Windows systems
[30.392s] INFO:colcon.colcon_notification.desktop_notification:Sending desktop notification using 'notify2'
[30.466s] DEBUG:colcon.colcon_core.event_reactor:joined thread
[30.468s] INFO:colcon.colcon_core.shell:Creating prefix script '/home/parallels/calib_ws/install/local_setup.ps1'
[30.469s] INFO:colcon.colcon_core.shell:Creating prefix util module '/home/parallels/calib_ws/install/_local_setup_util_ps1.py'
[30.470s] INFO:colcon.colcon_core.shell:Creating prefix chain script '/home/parallels/calib_ws/install/setup.ps1'
[30.472s] INFO:colcon.colcon_core.shell:Creating prefix script '/home/parallels/calib_ws/install/local_setup.sh'
[30.473s] INFO:colcon.colcon_core.shell:Creating prefix util module '/home/parallels/calib_ws/install/_local_setup_util_sh.py'
[30.474s] INFO:colcon.colcon_core.shell:Creating prefix chain script '/home/parallels/calib_ws/install/setup.sh'
[30.474s] INFO:colcon.colcon_core.shell:Creating prefix script '/home/parallels/calib_ws/install/local_setup.bash'
[30.475s] INFO:colcon.colcon_core.shell:Creating prefix chain script '/home/parallels/calib_ws/install/setup.bash'
[30.476s] INFO:colcon.colcon_core.shell:Creating prefix script '/home/parallels/calib_ws/install/local_setup.zsh'
[30.476s] INFO:colcon.colcon_core.shell:Creating prefix chain script '/home/parallels/calib_ws/install/setup.zsh'
