[0.007s] Invoking command in '/home/parallels/calib_ws/build/hand_eye_calibration': CMAKE_PREFIX_PATH=${CMAKE_PREFIX_PATH}:/opt/ros/humble /usr/bin/cmake --build /home/parallels/calib_ws/build/hand_eye_calibration -- -j2 -l2
[0.057s] [35m[1mConsolidate compiler generated dependencies of target scan_processing_node[0m
[0.128s] [ 50%] [32mBuilding CXX object CMakeFiles/scan_processing_node.dir/src/scan_processing_node.cpp.o[0m
[0.128s] [ 50%] [32mBuilding CXX object CMakeFiles/calibration_node.dir/src/calibration_node.cpp.o[0m
[5.537s] [01m[K/home/parallels/calib_ws/src/hand_eye_calibration/src/scan_processing_node.cpp:[m[K In constructor ‘[01m[KPointCloudProcessor::PointCloudProcessor()[m[K’:
[5.540s] [01m[K/home/parallels/calib_ws/src/hand_eye_calibration/src/scan_processing_node.cpp:128:103:[m[K [01;31m[Kerror: [m[Kno match for ‘[01m[Koperator=[m[K’ (operand types are ‘[01m[Kpcl::PointCloud<pcl::PointXYZ>::Ptr[m[K’ {aka ‘[01m[Kstd::shared_ptr<pcl::PointCloud<pcl::PointXYZ> >[m[K’} and ‘[01m[Kpcl::PointCloud<pcl::PointXYZRGB>::Ptr[m[K’ {aka ‘[01m[Kstd::shared_ptr<pcl::PointCloud<pcl::PointXYZRGB> >[m[K’})
[5.540s]   128 |         cloud1 = loadPointCloud(package_share_directory + "/data/scan_processing/scan1.dat", pc1_color[01;31m[K)[m[K;
[5.540s]       |                                                                                                       [01;31m[K^[m[K
[5.548s] In file included from [01m[K/usr/include/c++/11/memory:77[m[K,
[5.548s]                  from [01m[K/opt/ros/humble/include/rclcpp/rclcpp/rclcpp.hpp:153[m[K,
[5.548s]                  from [01m[K/home/parallels/calib_ws/src/hand_eye_calibration/src/scan_processing_node.cpp:1[m[K:
[5.548s] [01m[K/usr/include/c++/11/bits/shared_ptr.h:363:9:[m[K [01;36m[Knote: [m[Kcandidate: ‘[01m[Ktemplate<class _Yp> std::shared_ptr<_Tp>::_Assignable<const std::shared_ptr<_Yp>&> std::shared_ptr<_Tp>::operator=(const std::shared_ptr<_Yp>&) [with _Yp = _Yp; _Tp = pcl::PointCloud<pcl::PointXYZ>][m[K’
[5.548s]   363 |         [01;36m[Koperator[m[K=(const shared_ptr<_Yp>& __r) noexcept
[5.548s]       |         [01;36m[K^~~~~~~~[m[K
[5.570s] [01m[K/usr/include/c++/11/bits/shared_ptr.h:363:9:[m[K [01;36m[Knote: [m[K  template argument deduction/substitution failed:
[5.571s] /usr/include/c++/11/bits/shared_ptr.h: In substitution of ‘[01m[Ktemplate<class _Tp> template<class _Arg> using _Assignable = typename std::enable_if<std::is_assignable<std::__shared_ptr<_Tp>&, _Arg>::value, std::shared_ptr<_Tp>&>::type [with _Arg = const std::shared_ptr<pcl::PointCloud<pcl::PointXYZRGB> >&; _Tp = pcl::PointCloud<pcl::PointXYZ>][m[K’:
[5.571s] [01m[K/usr/include/c++/11/bits/shared_ptr.h:363:2:[m[K   required by substitution of ‘[01m[Ktemplate<class _Yp> std::shared_ptr<pcl::PointCloud<pcl::PointXYZ> >::_Assignable<const std::shared_ptr<_Tp>&> std::shared_ptr<pcl::PointCloud<pcl::PointXYZ> >::operator=<_Yp>(const std::shared_ptr<_Tp>&) [with _Yp = pcl::PointCloud<pcl::PointXYZRGB>][m[K’
[5.571s] [01m[K/home/parallels/calib_ws/src/hand_eye_calibration/src/scan_processing_node.cpp:128:103:[m[K   required from here
[5.571s] [01m[K/usr/include/c++/11/bits/shared_ptr.h:130:15:[m[K [01;31m[Kerror: [m[Kno type named ‘[01m[Ktype[m[K’ in ‘[01m[Kstruct std::enable_if<false, std::shared_ptr<pcl::PointCloud<pcl::PointXYZ> >&>[m[K’
[5.571s]   130 |         using [01;31m[K_Assignable[m[K = typename enable_if<
[5.571s]       |               [01;31m[K^~~~~~~~~~~[m[K
[5.571s] [01m[K/usr/include/c++/11/bits/shared_ptr.h:374:9:[m[K [01;36m[Knote: [m[Kcandidate: ‘[01m[Ktemplate<class _Yp> std::shared_ptr<_Tp>::_Assignable<std::auto_ptr<_Up> > std::shared_ptr<_Tp>::operator=(std::auto_ptr<_Up>&&) [with _Yp = _Yp; _Tp = pcl::PointCloud<pcl::PointXYZ>][m[K’
[5.571s]   374 |         [01;36m[Koperator[m[K=(auto_ptr<_Yp>&& __r)
[5.571s]       |         [01;36m[K^~~~~~~~[m[K
[5.571s] [01m[K/usr/include/c++/11/bits/shared_ptr.h:374:9:[m[K [01;36m[Knote: [m[K  template argument deduction/substitution failed:
[5.571s] [01m[K/home/parallels/calib_ws/src/hand_eye_calibration/src/scan_processing_node.cpp:128:103:[m[K [01;36m[Knote: [m[K  ‘[01m[Kpcl::PointCloud<pcl::PointXYZRGB>::Ptr[m[K’ {aka ‘[01m[Kstd::shared_ptr<pcl::PointCloud<pcl::PointXYZRGB> >[m[K’} is not derived from ‘[01m[Kstd::auto_ptr<_Up>[m[K’
[5.571s]   128 |         cloud1 = loadPointCloud(package_share_directory + "/data/scan_processing/scan1.dat", pc1_color[01;36m[K)[m[K;
[5.571s]       |                                                                                                       [01;36m[K^[m[K
[5.571s] In file included from [01m[K/usr/include/c++/11/memory:77[m[K,
[5.571s]                  from [01m[K/opt/ros/humble/include/rclcpp/rclcpp/rclcpp.hpp:153[m[K,
[5.571s]                  from [01m[K/home/parallels/calib_ws/src/hand_eye_calibration/src/scan_processing_node.cpp:1[m[K:
[5.571s] [01m[K/usr/include/c++/11/bits/shared_ptr.h:391:9:[m[K [01;36m[Knote: [m[Kcandidate: ‘[01m[Ktemplate<class _Yp> std::shared_ptr<_Tp>::_Assignable<std::shared_ptr<_Yp> > std::shared_ptr<_Tp>::operator=(std::shared_ptr<_Yp>&&) [with _Yp = _Yp; _Tp = pcl::PointCloud<pcl::PointXYZ>][m[K’
[5.571s]   391 |         [01;36m[Koperator[m[K=(shared_ptr<_Yp>&& __r) noexcept
[5.571s]       |         [01;36m[K^~~~~~~~[m[K
[5.571s] [01m[K/usr/include/c++/11/bits/shared_ptr.h:391:9:[m[K [01;36m[Knote: [m[K  template argument deduction/substitution failed:
[5.571s] /usr/include/c++/11/bits/shared_ptr.h: In substitution of ‘[01m[Ktemplate<class _Tp> template<class _Arg> using _Assignable = typename std::enable_if<std::is_assignable<std::__shared_ptr<_Tp>&, _Arg>::value, std::shared_ptr<_Tp>&>::type [with _Arg = std::shared_ptr<pcl::PointCloud<pcl::PointXYZRGB> >; _Tp = pcl::PointCloud<pcl::PointXYZ>][m[K’:
[5.572s] [01m[K/usr/include/c++/11/bits/shared_ptr.h:391:2:[m[K   required by substitution of ‘[01m[Ktemplate<class _Yp> std::shared_ptr<pcl::PointCloud<pcl::PointXYZ> >::_Assignable<std::shared_ptr<_Tp> > std::shared_ptr<pcl::PointCloud<pcl::PointXYZ> >::operator=<_Yp>(std::shared_ptr<_Tp>&&) [with _Yp = pcl::PointCloud<pcl::PointXYZRGB>][m[K’
[5.572s] [01m[K/home/parallels/calib_ws/src/hand_eye_calibration/src/scan_processing_node.cpp:128:103:[m[K   required from here
[5.572s] [01m[K/usr/include/c++/11/bits/shared_ptr.h:130:15:[m[K [01;31m[Kerror: [m[Kno type named ‘[01m[Ktype[m[K’ in ‘[01m[Kstruct std::enable_if<false, std::shared_ptr<pcl::PointCloud<pcl::PointXYZ> >&>[m[K’
[5.572s]   130 |         using [01;31m[K_Assignable[m[K = typename enable_if<
[5.572s]       |               [01;31m[K^~~~~~~~~~~[m[K
[5.572s] [01m[K/usr/include/c++/11/bits/shared_ptr.h:399:9:[m[K [01;36m[Knote: [m[Kcandidate: ‘[01m[Ktemplate<class _Yp, class _Del> std::shared_ptr<_Tp>::_Assignable<std::unique_ptr<_Up, _Ep> > std::shared_ptr<_Tp>::operator=(std::unique_ptr<_Up, _Ep>&&) [with _Yp = _Yp; _Del = _Del; _Tp = pcl::PointCloud<pcl::PointXYZ>][m[K’
[5.572s]   399 |         [01;36m[Koperator[m[K=(unique_ptr<_Yp, _Del>&& __r)
[5.572s]       |         [01;36m[K^~~~~~~~[m[K
[5.572s] [01m[K/usr/include/c++/11/bits/shared_ptr.h:399:9:[m[K [01;36m[Knote: [m[K  template argument deduction/substitution failed:
[5.572s] [01m[K/home/parallels/calib_ws/src/hand_eye_calibration/src/scan_processing_node.cpp:128:103:[m[K [01;36m[Knote: [m[K  ‘[01m[Kpcl::PointCloud<pcl::PointXYZRGB>::Ptr[m[K’ {aka ‘[01m[Kstd::shared_ptr<pcl::PointCloud<pcl::PointXYZRGB> >[m[K’} is not derived from ‘[01m[Kstd::unique_ptr<_Tp, _Dp>[m[K’
[5.572s]   128 |         cloud1 = loadPointCloud(package_share_directory + "/data/scan_processing/scan1.dat", pc1_color[01;36m[K)[m[K;
[5.572s]       |                                                                                                       [01;36m[K^[m[K
[5.572s] In file included from [01m[K/usr/include/c++/11/memory:77[m[K,
[5.572s]                  from [01m[K/opt/ros/humble/include/rclcpp/rclcpp/rclcpp.hpp:153[m[K,
[5.572s]                  from [01m[K/home/parallels/calib_ws/src/hand_eye_calibration/src/scan_processing_node.cpp:1[m[K:
[5.573s] [01m[K/usr/include/c++/11/bits/shared_ptr.h:359:19:[m[K [01;36m[Knote: [m[Kcandidate: ‘[01m[Kstd::shared_ptr<_Tp>& std::shared_ptr<_Tp>::operator=(const std::shared_ptr<_Tp>&) [with _Tp = pcl::PointCloud<pcl::PointXYZ>][m[K’
[5.573s]   359 |       shared_ptr& [01;36m[Koperator[m[K=(const shared_ptr&) noexcept = default;
[5.573s]       |                   [01;36m[K^~~~~~~~[m[K
[5.573s] [01m[K/usr/include/c++/11/bits/shared_ptr.h:359:29:[m[K [01;36m[Knote: [m[K  no known conversion for argument 1 from ‘[01m[Kpcl::PointCloud<pcl::PointXYZRGB>::Ptr[m[K’ {aka ‘[01m[Kstd::shared_ptr<pcl::PointCloud<pcl::PointXYZRGB> >[m[K’} to ‘[01m[Kconst std::shared_ptr<pcl::PointCloud<pcl::PointXYZ> >&[m[K’
[5.573s]   359 |       shared_ptr& operator=([01;36m[Kconst shared_ptr&[m[K) noexcept = default;
[5.573s]       |                             [01;36m[K^~~~~~~~~~~~~~~~~[m[K
[5.573s] [01m[K/usr/include/c++/11/bits/shared_ptr.h:383:7:[m[K [01;36m[Knote: [m[Kcandidate: ‘[01m[Kstd::shared_ptr<_Tp>& std::shared_ptr<_Tp>::operator=(std::shared_ptr<_Tp>&&) [with _Tp = pcl::PointCloud<pcl::PointXYZ>][m[K’
[5.573s]   383 |       [01;36m[Koperator[m[K=(shared_ptr&& __r) noexcept
[5.573s]       |       [01;36m[K^~~~~~~~[m[K
[5.574s] [01m[K/usr/include/c++/11/bits/shared_ptr.h:383:30:[m[K [01;36m[Knote: [m[K  no known conversion for argument 1 from ‘[01m[Kpcl::PointCloud<pcl::PointXYZRGB>::Ptr[m[K’ {aka ‘[01m[Kstd::shared_ptr<pcl::PointCloud<pcl::PointXYZRGB> >[m[K’} to ‘[01m[Kstd::shared_ptr<pcl::PointCloud<pcl::PointXYZ> >&&[m[K’
[5.574s]   383 |       operator=([01;36m[Kshared_ptr&& __r[m[K) noexcept
[5.574s]       |                 [01;36m[K~~~~~~~~~~~~~^~~[m[K
[5.574s] [01m[K/home/parallels/calib_ws/src/hand_eye_calibration/src/scan_processing_node.cpp:129:103:[m[K [01;31m[Kerror: [m[Kno match for ‘[01m[Koperator=[m[K’ (operand types are ‘[01m[Kpcl::PointCloud<pcl::PointXYZ>::Ptr[m[K’ {aka ‘[01m[Kstd::shared_ptr<pcl::PointCloud<pcl::PointXYZ> >[m[K’} and ‘[01m[Kpcl::PointCloud<pcl::PointXYZRGB>::Ptr[m[K’ {aka ‘[01m[Kstd::shared_ptr<pcl::PointCloud<pcl::PointXYZRGB> >[m[K’})
[5.574s]   129 |         cloud2 = loadPointCloud(package_share_directory + "/data/scan_processing/scan2.dat", pc2_color[01;31m[K)[m[K;
[5.574s]       |                                                                                                       [01;31m[K^[m[K
[5.574s] In file included from [01m[K/usr/include/c++/11/memory:77[m[K,
[5.574s]                  from [01m[K/opt/ros/humble/include/rclcpp/rclcpp/rclcpp.hpp:153[m[K,
[5.574s]                  from [01m[K/home/parallels/calib_ws/src/hand_eye_calibration/src/scan_processing_node.cpp:1[m[K:
[5.574s] [01m[K/usr/include/c++/11/bits/shared_ptr.h:363:9:[m[K [01;36m[Knote: [m[Kcandidate: ‘[01m[Ktemplate<class _Yp> std::shared_ptr<_Tp>::_Assignable<const std::shared_ptr<_Yp>&> std::shared_ptr<_Tp>::operator=(const std::shared_ptr<_Yp>&) [with _Yp = _Yp; _Tp = pcl::PointCloud<pcl::PointXYZ>][m[K’
[5.574s]   363 |         [01;36m[Koperator[m[K=(const shared_ptr<_Yp>& __r) noexcept
[5.574s]       |         [01;36m[K^~~~~~~~[m[K
[5.574s] [01m[K/usr/include/c++/11/bits/shared_ptr.h:363:9:[m[K [01;36m[Knote: [m[K  template argument deduction/substitution failed:
[5.574s] [01m[K/usr/include/c++/11/bits/shared_ptr.h:374:9:[m[K [01;36m[Knote: [m[Kcandidate: ‘[01m[Ktemplate<class _Yp> std::shared_ptr<_Tp>::_Assignable<std::auto_ptr<_Up> > std::shared_ptr<_Tp>::operator=(std::auto_ptr<_Up>&&) [with _Yp = _Yp; _Tp = pcl::PointCloud<pcl::PointXYZ>][m[K’
[5.574s]   374 |         [01;36m[Koperator[m[K=(auto_ptr<_Yp>&& __r)
[5.574s]       |         [01;36m[K^~~~~~~~[m[K
[5.574s] [01m[K/usr/include/c++/11/bits/shared_ptr.h:374:9:[m[K [01;36m[Knote: [m[K  template argument deduction/substitution failed:
[5.574s] [01m[K/home/parallels/calib_ws/src/hand_eye_calibration/src/scan_processing_node.cpp:129:103:[m[K [01;36m[Knote: [m[K  ‘[01m[Kpcl::PointCloud<pcl::PointXYZRGB>::Ptr[m[K’ {aka ‘[01m[Kstd::shared_ptr<pcl::PointCloud<pcl::PointXYZRGB> >[m[K’} is not derived from ‘[01m[Kstd::auto_ptr<_Up>[m[K’
[5.574s]   129 |         cloud2 = loadPointCloud(package_share_directory + "/data/scan_processing/scan2.dat", pc2_color[01;36m[K)[m[K;
[5.574s]       |                                                                                                       [01;36m[K^[m[K
[5.574s] In file included from [01m[K/usr/include/c++/11/memory:77[m[K,
[5.574s]                  from [01m[K/opt/ros/humble/include/rclcpp/rclcpp/rclcpp.hpp:153[m[K,
[5.574s]                  from [01m[K/home/parallels/calib_ws/src/hand_eye_calibration/src/scan_processing_node.cpp:1[m[K:
[5.574s] [01m[K/usr/include/c++/11/bits/shared_ptr.h:391:9:[m[K [01;36m[Knote: [m[Kcandidate: ‘[01m[Ktemplate<class _Yp> std::shared_ptr<_Tp>::_Assignable<std::shared_ptr<_Yp> > std::shared_ptr<_Tp>::operator=(std::shared_ptr<_Yp>&&) [with _Yp = _Yp; _Tp = pcl::PointCloud<pcl::PointXYZ>][m[K’
[5.574s]   391 |         [01;36m[Koperator[m[K=(shared_ptr<_Yp>&& __r) noexcept
[5.574s]       |         [01;36m[K^~~~~~~~[m[K
[5.574s] [01m[K/usr/include/c++/11/bits/shared_ptr.h:391:9:[m[K [01;36m[Knote: [m[K  template argument deduction/substitution failed:
[5.574s] [01m[K/usr/include/c++/11/bits/shared_ptr.h:399:9:[m[K [01;36m[Knote: [m[Kcandidate: ‘[01m[Ktemplate<class _Yp, class _Del> std::shared_ptr<_Tp>::_Assignable<std::unique_ptr<_Up, _Ep> > std::shared_ptr<_Tp>::operator=(std::unique_ptr<_Up, _Ep>&&) [with _Yp = _Yp; _Del = _Del; _Tp = pcl::PointCloud<pcl::PointXYZ>][m[K’
[5.574s]   399 |         [01;36m[Koperator[m[K=(unique_ptr<_Yp, _Del>&& __r)
[5.574s]       |         [01;36m[K^~~~~~~~[m[K
[5.574s] [01m[K/usr/include/c++/11/bits/shared_ptr.h:399:9:[m[K [01;36m[Knote: [m[K  template argument deduction/substitution failed:
[5.574s] [01m[K/home/parallels/calib_ws/src/hand_eye_calibration/src/scan_processing_node.cpp:129:103:[m[K [01;36m[Knote: [m[K  ‘[01m[Kpcl::PointCloud<pcl::PointXYZRGB>::Ptr[m[K’ {aka ‘[01m[Kstd::shared_ptr<pcl::PointCloud<pcl::PointXYZRGB> >[m[K’} is not derived from ‘[01m[Kstd::unique_ptr<_Tp, _Dp>[m[K’
[5.574s]   129 |         cloud2 = loadPointCloud(package_share_directory + "/data/scan_processing/scan2.dat", pc2_color[01;36m[K)[m[K;
[5.574s]       |                                                                                                       [01;36m[K^[m[K
[5.574s] In file included from [01m[K/usr/include/c++/11/memory:77[m[K,
[5.574s]                  from [01m[K/opt/ros/humble/include/rclcpp/rclcpp/rclcpp.hpp:153[m[K,
[5.574s]                  from [01m[K/home/parallels/calib_ws/src/hand_eye_calibration/src/scan_processing_node.cpp:1[m[K:
[5.574s] [01m[K/usr/include/c++/11/bits/shared_ptr.h:359:19:[m[K [01;36m[Knote: [m[Kcandidate: ‘[01m[Kstd::shared_ptr<_Tp>& std::shared_ptr<_Tp>::operator=(const std::shared_ptr<_Tp>&) [with _Tp = pcl::PointCloud<pcl::PointXYZ>][m[K’
[5.574s]   359 |       shared_ptr& [01;36m[Koperator[m[K=(const shared_ptr&) noexcept = default;
[5.574s]       |                   [01;36m[K^~~~~~~~[m[K
[5.574s] [01m[K/usr/include/c++/11/bits/shared_ptr.h:359:29:[m[K [01;36m[Knote: [m[K  no known conversion for argument 1 from ‘[01m[Kpcl::PointCloud<pcl::PointXYZRGB>::Ptr[m[K’ {aka ‘[01m[Kstd::shared_ptr<pcl::PointCloud<pcl::PointXYZRGB> >[m[K’} to ‘[01m[Kconst std::shared_ptr<pcl::PointCloud<pcl::PointXYZ> >&[m[K’
[5.574s]   359 |       shared_ptr& operator=([01;36m[Kconst shared_ptr&[m[K) noexcept = default;
[5.574s]       |                             [01;36m[K^~~~~~~~~~~~~~~~~[m[K
[5.575s] [01m[K/usr/include/c++/11/bits/shared_ptr.h:383:7:[m[K [01;36m[Knote: [m[Kcandidate: ‘[01m[Kstd::shared_ptr<_Tp>& std::shared_ptr<_Tp>::operator=(std::shared_ptr<_Tp>&&) [with _Tp = pcl::PointCloud<pcl::PointXYZ>][m[K’
[5.575s]   383 |       [01;36m[Koperator[m[K=(shared_ptr&& __r) noexcept
[5.575s]       |       [01;36m[K^~~~~~~~[m[K
[5.575s] [01m[K/usr/include/c++/11/bits/shared_ptr.h:383:30:[m[K [01;36m[Knote: [m[K  no known conversion for argument 1 from ‘[01m[Kpcl::PointCloud<pcl::PointXYZRGB>::Ptr[m[K’ {aka ‘[01m[Kstd::shared_ptr<pcl::PointCloud<pcl::PointXYZRGB> >[m[K’} to ‘[01m[Kstd::shared_ptr<pcl::PointCloud<pcl::PointXYZ> >&&[m[K’
[5.575s]   383 |       operator=([01;36m[Kshared_ptr&& __r[m[K) noexcept
[5.575s]       |                 [01;36m[K~~~~~~~~~~~~~^~~[m[K
[48.029s] gmake[2]: *** [CMakeFiles/scan_processing_node.dir/build.make:76: CMakeFiles/scan_processing_node.dir/src/scan_processing_node.cpp.o] Interrupt
[48.049s] gmake[2]: *** [CMakeFiles/calibration_node.dir/build.make:76: CMakeFiles/calibration_node.dir/src/calibration_node.cpp.o] Interrupt
