[ 50%] Built target scan_processing_node
[ 75%] [32mBuilding CXX object CMakeFiles/calibration_node.dir/src/calibration_node.cpp.o[0m
[100%] [32m[1mLinking CXX executable calibration_node[0m
[100%] Built target calibration_node
-- Install configuration: ""
-- Up-to-date: /home/parallels/calib_ws/install/hand_eye_calibration/lib/hand_eye_calibration/scan_processing_node
-- Installing: /home/parallels/calib_ws/install/hand_eye_calibration/lib/hand_eye_calibration/calibration_node
-- Set runtime path of "/home/parallels/calib_ws/install/hand_eye_calibration/lib/hand_eye_calibration/calibration_node" to ""
-- Up-to-date: /home/parallels/calib_ws/install/hand_eye_calibration/include
-- Up-to-date: /home/parallels/calib_ws/install/hand_eye_calibration/include/hand_eye_calibration
-- Up-to-date: /home/parallels/calib_ws/install/hand_eye_calibration/include/hand_eye_calibration/scan_processing_node.hpp
-- Up-to-date: /home/parallels/calib_ws/install/hand_eye_calibration/include/hand_eye_calibration/calibration_node.hpp
-- Up-to-date: /home/parallels/calib_ws/install/hand_eye_calibration/share/hand_eye_calibration/launch
-- Up-to-date: /home/parallels/calib_ws/install/hand_eye_calibration/share/hand_eye_calibration/launch/hand_eye_calibration_launch.py
-- Up-to-date: /home/parallels/calib_ws/install/hand_eye_calibration/share/hand_eye_calibration/data
-- Up-to-date: /home/parallels/calib_ws/install/hand_eye_calibration/share/hand_eye_calibration/data/calibration
-- Up-to-date: /home/parallels/calib_ws/install/hand_eye_calibration/share/hand_eye_calibration/data/calibration/synthetic_scans.dat
-- Up-to-date: /home/parallels/calib_ws/install/hand_eye_calibration/share/hand_eye_calibration/data/calibration/calibration_board_points.dat
-- Up-to-date: /home/parallels/calib_ws/install/hand_eye_calibration/share/hand_eye_calibration/data/calibration/flange_poses.dat
-- Up-to-date: /home/parallels/calib_ws/install/hand_eye_calibration/share/hand_eye_calibration/data/scan_processing
-- Up-to-date: /home/parallels/calib_ws/install/hand_eye_calibration/share/hand_eye_calibration/data/scan_processing/scan2.dat
-- Up-to-date: /home/parallels/calib_ws/install/hand_eye_calibration/share/hand_eye_calibration/data/scan_processing/scan1.dat
-- Up-to-date: /home/parallels/calib_ws/install/hand_eye_calibration/share/ament_index/resource_index/package_run_dependencies/hand_eye_calibration
-- Up-to-date: /home/parallels/calib_ws/install/hand_eye_calibration/share/ament_index/resource_index/parent_prefix_path/hand_eye_calibration
-- Up-to-date: /home/parallels/calib_ws/install/hand_eye_calibration/share/hand_eye_calibration/environment/ament_prefix_path.sh
-- Up-to-date: /home/parallels/calib_ws/install/hand_eye_calibration/share/hand_eye_calibration/environment/ament_prefix_path.dsv
-- Up-to-date: /home/parallels/calib_ws/install/hand_eye_calibration/share/hand_eye_calibration/environment/path.sh
-- Up-to-date: /home/parallels/calib_ws/install/hand_eye_calibration/share/hand_eye_calibration/environment/path.dsv
-- Up-to-date: /home/parallels/calib_ws/install/hand_eye_calibration/share/hand_eye_calibration/local_setup.bash
-- Up-to-date: /home/parallels/calib_ws/install/hand_eye_calibration/share/hand_eye_calibration/local_setup.sh
-- Up-to-date: /home/parallels/calib_ws/install/hand_eye_calibration/share/hand_eye_calibration/local_setup.zsh
-- Up-to-date: /home/parallels/calib_ws/install/hand_eye_calibration/share/hand_eye_calibration/local_setup.dsv
-- Up-to-date: /home/parallels/calib_ws/install/hand_eye_calibration/share/hand_eye_calibration/package.dsv
-- Up-to-date: /home/parallels/calib_ws/install/hand_eye_calibration/share/ament_index/resource_index/packages/hand_eye_calibration
-- Up-to-date: /home/parallels/calib_ws/install/hand_eye_calibration/share/hand_eye_calibration/cmake/hand_eye_calibrationConfig.cmake
-- Up-to-date: /home/parallels/calib_ws/install/hand_eye_calibration/share/hand_eye_calibration/cmake/hand_eye_calibrationConfig-version.cmake
-- Up-to-date: /home/parallels/calib_ws/install/hand_eye_calibration/share/hand_eye_calibration/package.xml
