[0.007s] Invoking command in '/home/parallels/calib_ws/build/hand_eye_calibration': CMAKE_PREFIX_PATH=${CMAKE_PREFIX_PATH}:/opt/ros/humble /usr/bin/cmake --build /home/parallels/calib_ws/build/hand_eye_calibration -- -j2 -l2
[0.055s] [35m[1mConsolidate compiler generated dependencies of target calibration_node[0m
[0.120s] [ 25%] [32mBuilding CXX object CMakeFiles/calibration_node.dir/src/calibration_node.cpp.o[0m
[0.124s] [ 75%] Built target scan_processing_node
[3.149s] [01m[K/home/parallels/calib_ws/src/hand_eye_calibration/src/calibration_node.cpp:[m[K In member function ‘[01m[Kvoid CalibrationNode::loadBoardPoints(std::string)[m[K’:
[3.149s] [01m[K/home/parallels/calib_ws/src/hand_eye_calibration/src/calibration_node.cpp:126:28:[m[K [01;31m[Kerror: [m[K‘[01m[KnumPoses[m[K’ was not declared in this scope
[3.149s]   126 |         for(int i = 0; i < [01;31m[KnumPoses[m[K; i++) {
[3.149s]       |                            [01;31m[K^~~~~~~~[m[K
[3.498s] [01m[K/home/parallels/calib_ws/src/hand_eye_calibration/src/calibration_node.cpp:[m[K In member function ‘[01m[Kvoid CalibrationNode::buildCorrespondenceMatrix(Eigen::MatrixXd&, std::vector<Eigen::Matrix<double, 4, 1> >, std::vector<Eigen::Matrix<double, 4, 1> >)[m[K’:
[3.498s] [01m[K/home/parallels/calib_ws/src/hand_eye_calibration/src/calibration_node.cpp:280:29:[m[K [01;31m[Kerror: [m[K‘[01m[KnumPoses[m[K’ was not declared in this scope
[3.498s]   280 |         for (int i = 0; i < [01;31m[KnumPoses[m[K; i++) {
[3.498s]       |                             [01;31m[K^~~~~~~~[m[K
[3.536s] [01m[K/home/parallels/calib_ws/src/hand_eye_calibration/src/calibration_node.cpp:[m[K In member function ‘[01m[KEigen::Matrix4d CalibrationNode::compute_T_cam_ee(std::vector<Eigen::Matrix<double, 4, 4> >, std::vector<std::vector<Eigen::Matrix<double, 4, 1> > >&, std::vector<std::vector<Eigen::Matrix<double, 4, 1> > >&)[m[K’:
[3.536s] [01m[K/home/parallels/calib_ws/src/hand_eye_calibration/src/calibration_node.cpp:326:34:[m[K [01;31m[Kerror: [m[K‘[01m[KnumPoses[m[K’ was not declared in this scope; did you mean ‘[01m[KnumPoints[m[K’?
[3.536s]   326 |         cout << "num poses: " << [01;31m[KnumPoses[m[K << endl;
[3.536s]       |                                  [01;31m[K^~~~~~~~[m[K
[3.536s]       |                                  [32m[KnumPoints[m[K
[5.746s] gmake[2]: *** [CMakeFiles/calibration_node.dir/build.make:76: CMakeFiles/calibration_node.dir/src/calibration_node.cpp.o] Error 1
[5.747s] gmake[1]: *** [CMakeFiles/Makefile2:165: CMakeFiles/calibration_node.dir/all] Error 2
[5.748s] gmake: *** [Makefile:146: all] Error 2
[5.798s] Invoked command in '/home/parallels/calib_ws/build/hand_eye_calibration' returned '2': CMAKE_PREFIX_PATH=${CMAKE_PREFIX_PATH}:/opt/ros/humble /usr/bin/cmake --build /home/parallels/calib_ws/build/hand_eye_calibration -- -j2 -l2
