[0.006s] Invoking command in '/home/parallels/calib_ws/build/hand_eye_calibration': CMAKE_PREFIX_PATH=${CMAKE_PREFIX_PATH}:/opt/ros/humble /usr/bin/cmake /home/parallels/calib_ws/src/hand_eye_calibration -DCMAKE_INSTALL_PREFIX=/home/parallels/calib_ws/install/hand_eye_calibration
[0.061s] -- The C compiler identification is GNU 11.4.0
[0.102s] -- The CXX compiler identification is GNU 11.4.0
[0.109s] -- Detecting C compiler ABI info
[0.145s] -- Detecting C compiler ABI info - done
[0.149s] -- Check for working C compiler: /usr/bin/cc - skipped
[0.149s] -- Detecting C compile features
[0.150s] -- Detecting C compile features - done
[0.152s] -- Detecting CXX compiler ABI info
[0.184s] -- Detecting CXX compiler ABI info - done
[0.188s] -- Check for working CXX compiler: /usr/bin/c++ - skipped
[0.188s] -- Detecting CXX compile features
[0.188s] -- Detecting CXX compile features - done
[0.192s] -- Found rclcpp: 16.0.11 (/opt/ros/humble/share/rclcpp/cmake)
[0.261s] -- Found Python3: /usr/bin/python3 (found version "3.10.12") found components: Interpreter 
[0.346s] -- Found rosidl_generator_c: 3.1.6 (/opt/ros/humble/share/rosidl_generator_c/cmake)
[0.350s] -- Found rosidl_adapter: 3.1.6 (/opt/ros/humble/share/rosidl_adapter/cmake)
[0.356s] -- Found rosidl_generator_cpp: 3.1.6 (/opt/ros/humble/share/rosidl_generator_cpp/cmake)
[0.366s] -- Using all available rosidl_typesupport_c: rosidl_typesupport_fastrtps_c;rosidl_typesupport_introspection_c
[0.376s] -- Using all available rosidl_typesupport_cpp: rosidl_typesupport_fastrtps_cpp;rosidl_typesupport_introspection_cpp
[0.405s] -- Found rmw_implementation_cmake: 6.1.2 (/opt/ros/humble/share/rmw_implementation_cmake/cmake)
[0.406s] -- Found rmw_fastrtps_cpp: 6.2.7 (/opt/ros/humble/share/rmw_fastrtps_cpp/cmake)
[0.447s] -- Found OpenSSL: /usr/lib/aarch64-linux-gnu/libcrypto.so (found version "3.0.2")  
[0.461s] -- Found FastRTPS: /opt/ros/humble/include  
[0.481s] -- Using RMW implementation 'rmw_fastrtps_cpp' as default
[0.488s] -- Looking for pthread.h
[0.525s] -- Looking for pthread.h - found
[0.525s] -- Performing Test CMAKE_HAVE_LIBC_PTHREAD
[0.554s] -- Performing Test CMAKE_HAVE_LIBC_PTHREAD - Success
[0.555s] -- Found Threads: TRUE  
[0.620s] -- Found GLEW: /usr/lib/aarch64-linux-gnu/libGLEW.so  
[0.624s] -- Found OpenGL: /usr/lib/aarch64-linux-gnu/libOpenGL.so  found components: OpenGL GLX 
[0.695s] -- Found Python3: /usr/bin/python3 (found suitable version "3.10.12", minimum required is "3.10") found components: Interpreter Development.Module Development.Embed 
[0.765s] -- Found MPI_C: /usr/lib/aarch64-linux-gnu/libmpi.so (found version "3.1") 
[0.765s] -- Found MPI: TRUE (found version "3.1") found components: C 
[0.895s] -- Found HDF5: /usr/lib/aarch64-linux-gnu/hdf5/serial/libhdf5.so;/usr/lib/aarch64-linux-gnu/libcrypto.so;/usr/lib/aarch64-linux-gnu/libcurl.so;/usr/lib/aarch64-linux-gnu/libpthread.a;/usr/lib/aarch64-linux-gnu/libsz.so;/usr/lib/aarch64-linux-gnu/libz.so;/usr/lib/aarch64-linux-gnu/libdl.a;/usr/lib/aarch64-linux-gnu/libm.so (found version "1.10.7") found components: C HL 
[0.901s] -- Found NetCDF: /usr/include (found version "4.8.1") 
[0.902s] -- Found OGG: /usr/lib/aarch64-linux-gnu/libogg.so  
[0.903s] -- Found THEORA: /usr/lib/aarch64-linux-gnu/libtheora.so  
[0.906s] -- Found JsonCpp: /usr/lib/aarch64-linux-gnu/libjsoncpp.so (found suitable version "1.9.5", minimum required is "0.7.0") 
[0.929s] -- Found LibXml2: /usr/lib/aarch64-linux-gnu/libxml2.so (found version "2.9.13") 
[0.939s] -- Found ZLIB: /usr/lib/aarch64-linux-gnu/libz.so (found version "1.2.11") 
[0.941s] -- Found GL2PS: /usr/lib/aarch64-linux-gnu/libgl2ps.so (found suitable version "1.4.2", minimum required is "1.4.2") 
[0.951s] -- Found PNG: /usr/lib/aarch64-linux-gnu/libpng.so (found version "1.6.37") 
[0.952s] -- Found SQLite3: /usr/include (found version "3.37.2") 
[0.955s] -- Found LibPROJ: /usr/lib/aarch64-linux-gnu/libproj.so (found version "8.2.1") 
[0.958s] -- Found Eigen3: /usr/include/eigen3 (found version "3.4.0") 
[0.997s] -- Found X11: /usr/include   
[0.997s] -- Looking for XOpenDisplay in /usr/lib/aarch64-linux-gnu/libX11.so;/usr/lib/aarch64-linux-gnu/libXext.so
[1.028s] -- Looking for XOpenDisplay in /usr/lib/aarch64-linux-gnu/libX11.so;/usr/lib/aarch64-linux-gnu/libXext.so - found
[1.028s] -- Looking for gethostbyname
[1.055s] -- Looking for gethostbyname - found
[1.055s] -- Looking for connect
[1.081s] -- Looking for connect - found
[1.081s] -- Looking for remove
[1.108s] -- Looking for remove - found
[1.108s] -- Looking for shmat
[1.135s] -- Looking for shmat - found
[1.136s] -- Looking for IceConnectionNumber in ICE
[1.163s] -- Looking for IceConnectionNumber in ICE - found
[1.191s] -- Found EXPAT: /usr/lib/aarch64-linux-gnu/libexpat.so (found version "2.4.7") 
[1.192s] -- Found double-conversion: /usr/lib/aarch64-linux-gnu/libdouble-conversion.so  
[1.194s] -- Found LZ4: /usr/lib/aarch64-linux-gnu/liblz4.so (found version "1.9.3") 
[1.195s] -- Found LZMA: /usr/lib/aarch64-linux-gnu/liblzma.so (found version "5.2.5") 
[1.237s] -- Found JPEG: /usr/lib/aarch64-linux-gnu/libjpeg.so (found version "80") 
[1.239s] -- Found TIFF: /usr/lib/aarch64-linux-gnu/libtiff.so (found version "4.3.0")  
[1.242s] -- Found Freetype: /usr/lib/aarch64-linux-gnu/libfreetype.so (found version "2.11.1") 
[1.245s] -- Found utf8cpp: /usr/include/utf8cpp  
[1.268s] -- Checking for module 'eigen3'
[1.272s] --   Found eigen3, version 3.4.0
[1.282s] -- Found Eigen: /usr/include/eigen3 (Required is at least version "3.1") 
[1.282s] -- Eigen found (include: /usr/include/eigen3, version: 3.4.0)
[1.296s] -- Found Boost: /usr/lib/aarch64-linux-gnu/cmake/Boost-1.74.0/BoostConfig.cmake (found suitable version "1.74.0", minimum required is "1.65.0") found components: system filesystem date_time iostreams serialization 
[1.304s] -- Checking for module 'flann'
[1.308s] --   Found flann, version 1.9.1
[1.320s] -- Found FLANN: /usr/lib/aarch64-linux-gnu/libflann_cpp.so  
[1.320s] -- FLANN found (include: /usr/include, lib: /usr/lib/aarch64-linux-gnu/libflann_cpp.so)
[1.411s] -- Checking for module 'libusb-1.0'
[1.416s] --   Found libusb-1.0, version 1.0.25
[1.426s] -- Found libusb: /usr/lib/aarch64-linux-gnu/libusb-1.0.so  
[1.427s] -- Found OpenNI: /usr/lib/libOpenNI.so;libusb::libusb (found version "1.5.4.0") 
[1.427s] -- OpenNI found (version: 1.5.4.0, include: /usr/include/ni, lib: /usr/lib/libOpenNI.so;libusb::libusb)
[1.444s] -- Found OpenNI2: /usr/lib/aarch64-linux-gnu/libOpenNI2.so;libusb::libusb (found version "2.2.0.33") 
[1.444s] -- OpenNI2 found (version: 2.2.0.33, include: /usr/include/openni2, lib: /usr/lib/aarch64-linux-gnu/libOpenNI2.so;libusb::libusb)
[1.444s] [0m** WARNING ** io features related to pcap will be disabled[0m
[1.518s] -- Eigen found (include: /usr/include/eigen3, version: 3.4.0)
[1.520s] -- OpenNI found (version: 1.5.4.0, include: /usr/include/ni, lib: /usr/lib/libOpenNI.so;libusb::libusb)
[1.523s] -- OpenNI2 found (version: 2.2.0.33, include: /usr/include/openni2, lib: /usr/lib/aarch64-linux-gnu/libOpenNI2.so;libusb::libusb)
[1.595s] -- Found Qhull version 8.0.2
[1.667s] -- OpenNI found (version: 1.5.4.0, include: /usr/include/ni, lib: /usr/lib/libOpenNI.so;libusb::libusb)
[1.735s] -- looking for PCL_COMMON
[1.736s] -- Found PCL_COMMON: /usr/lib/aarch64-linux-gnu/libpcl_common.so  
[1.736s] -- looking for PCL_KDTREE
[1.736s] -- Found PCL_KDTREE: /usr/lib/aarch64-linux-gnu/libpcl_kdtree.so  
[1.737s] -- looking for PCL_OCTREE
[1.737s] -- Found PCL_OCTREE: /usr/lib/aarch64-linux-gnu/libpcl_octree.so  
[1.737s] -- looking for PCL_SEARCH
[1.737s] -- Found PCL_SEARCH: /usr/lib/aarch64-linux-gnu/libpcl_search.so  
[1.738s] -- looking for PCL_SAMPLE_CONSENSUS
[1.738s] -- Found PCL_SAMPLE_CONSENSUS: /usr/lib/aarch64-linux-gnu/libpcl_sample_consensus.so  
[1.738s] -- looking for PCL_FILTERS
[1.738s] -- Found PCL_FILTERS: /usr/lib/aarch64-linux-gnu/libpcl_filters.so  
[1.739s] -- looking for PCL_2D
[1.739s] -- Found PCL_2D: /usr/include/pcl-1.12  
[1.739s] -- looking for PCL_GEOMETRY
[1.739s] -- Found PCL_GEOMETRY: /usr/include/pcl-1.12  
[1.739s] -- looking for PCL_IO
[1.740s] -- Found PCL_IO: /usr/lib/aarch64-linux-gnu/libpcl_io.so  
[1.740s] -- looking for PCL_FEATURES
[1.740s] -- Found PCL_FEATURES: /usr/lib/aarch64-linux-gnu/libpcl_features.so  
[1.740s] -- looking for PCL_ML
[1.741s] -- Found PCL_ML: /usr/lib/aarch64-linux-gnu/libpcl_ml.so  
[1.741s] -- looking for PCL_SEGMENTATION
[1.741s] -- Found PCL_SEGMENTATION: /usr/lib/aarch64-linux-gnu/libpcl_segmentation.so  
[1.742s] -- looking for PCL_VISUALIZATION
[1.742s] -- Found PCL_VISUALIZATION: /usr/lib/aarch64-linux-gnu/libpcl_visualization.so  
[1.742s] -- looking for PCL_SURFACE
[1.742s] -- Found PCL_SURFACE: /usr/lib/aarch64-linux-gnu/libpcl_surface.so  
[1.743s] -- looking for PCL_REGISTRATION
[1.743s] -- Found PCL_REGISTRATION: /usr/lib/aarch64-linux-gnu/libpcl_registration.so  
[1.743s] -- looking for PCL_KEYPOINTS
[1.744s] -- Found PCL_KEYPOINTS: /usr/lib/aarch64-linux-gnu/libpcl_keypoints.so  
[1.744s] -- looking for PCL_TRACKING
[1.744s] -- Found PCL_TRACKING: /usr/lib/aarch64-linux-gnu/libpcl_tracking.so  
[1.744s] -- looking for PCL_RECOGNITION
[1.745s] -- Found PCL_RECOGNITION: /usr/lib/aarch64-linux-gnu/libpcl_recognition.so  
[1.745s] -- looking for PCL_STEREO
[1.745s] -- Found PCL_STEREO: /usr/lib/aarch64-linux-gnu/libpcl_stereo.so  
[1.745s] -- looking for PCL_APPS
[1.746s] -- Found PCL_APPS: /usr/lib/aarch64-linux-gnu/libpcl_apps.so  
[1.746s] -- looking for PCL_IN_HAND_SCANNER
[1.746s] -- Found PCL_IN_HAND_SCANNER: /usr/include/pcl-1.12  
[1.746s] -- looking for PCL_MODELER
[1.746s] -- Found PCL_MODELER: /usr/include/pcl-1.12  
[1.747s] -- looking for PCL_POINT_CLOUD_EDITOR
[1.747s] -- Found PCL_POINT_CLOUD_EDITOR: /usr/include/pcl-1.12  
[1.747s] -- looking for PCL_OUTOFCORE
[1.747s] -- Found PCL_OUTOFCORE: /usr/lib/aarch64-linux-gnu/libpcl_outofcore.so  
[1.747s] -- looking for PCL_PEOPLE
[1.748s] -- Found PCL_PEOPLE: /usr/lib/aarch64-linux-gnu/libpcl_people.so  
[1.748s] -- Found PCL: pcl_common;pcl_kdtree;pcl_octree;pcl_search;pcl_sample_consensus;pcl_filters;pcl_io;pcl_features;pcl_ml;pcl_segmentation;pcl_visualization;pcl_surface;pcl_registration;pcl_keypoints;pcl_tracking;pcl_recognition;pcl_stereo;pcl_apps;pcl_outofcore;pcl_people;Boost::system;Boost::filesystem;Boost::date_time;Boost::iostreams;Boost::serialization;/usr/lib/libOpenNI.so;libusb::libusb;/usr/lib/aarch64-linux-gnu/libOpenNI2.so;libusb::libusb;VTK::ChartsCore;VTK::CommonColor;VTK::CommonComputationalGeometry;VTK::CommonCore;VTK::CommonDataModel;VTK::CommonExecutionModel;VTK::CommonMath;VTK::CommonMisc;VTK::CommonTransforms;VTK::FiltersCore;VTK::FiltersExtraction;VTK::FiltersGeneral;VTK::FiltersGeometry;VTK::FiltersModeling;VTK::FiltersSources;VTK::ImagingCore;VTK::ImagingSources;VTK::InteractionImage;VTK::InteractionStyle;VTK::InteractionWidgets;VTK::IOCore;VTK::IOGeometry;VTK::IOImage;VTK::IOLegacy;VTK::IOPLY;VTK::RenderingAnnotation;VTK::RenderingCore;VTK::RenderingContext2D;VTK::RenderingLOD;VTK::RenderingFreeType;VTK::ViewsCore;VTK::ViewsContext2D;VTK::RenderingOpenGL2;VTK::GUISupportQt;FLANN::FLANN;QHULL::QHULL  
[1.751s] -- Found ament_cmake_ros: 0.10.0 (/opt/ros/humble/share/ament_cmake_ros/cmake)
[1.792s] -- Configuring done
[1.815s] -- Generating done
[1.823s] -- Build files have been written to: /home/parallels/calib_ws/build/hand_eye_calibration
[1.832s] Invoked command in '/home/parallels/calib_ws/build/hand_eye_calibration' returned '0': CMAKE_PREFIX_PATH=${CMAKE_PREFIX_PATH}:/opt/ros/humble /usr/bin/cmake /home/parallels/calib_ws/src/hand_eye_calibration -DCMAKE_INSTALL_PREFIX=/home/parallels/calib_ws/install/hand_eye_calibration
[1.833s] Invoking command in '/home/parallels/calib_ws/build/hand_eye_calibration': CMAKE_PREFIX_PATH=${CMAKE_PREFIX_PATH}:/opt/ros/humble /usr/bin/cmake --build /home/parallels/calib_ws/build/hand_eye_calibration -- -j2 -l2
[1.853s] [ 25%] [32mBuilding CXX object CMakeFiles/scan_processing_node.dir/src/scan_processing_node.cpp.o[0m
[1.855s] [ 50%] [32mBuilding CXX object CMakeFiles/calibration_node.dir/src/calibration_node.cpp.o[0m
[2.766s] [01m[K/home/parallels/calib_ws/src/hand_eye_calibration/src/scan_processing_node.cpp:5:10:[m[K [01;31m[Kfatal error: [m[Kpcl/filters/moving_least_squares.h: No such file or directory
[2.766s]     5 | #include [01;31m[K<pcl/filters/moving_least_squares.h>[m[K
[2.766s]       |          [01;31m[K^~~~~~~~~~~~~~~~~~~~~~~~~~~~~~~~~~~~[m[K
[2.767s] compilation terminated.
[2.773s] gmake[2]: *** [CMakeFiles/scan_processing_node.dir/build.make:76: CMakeFiles/scan_processing_node.dir/src/scan_processing_node.cpp.o] Error 1
[2.773s] gmake[1]: *** [CMakeFiles/Makefile2:139: CMakeFiles/scan_processing_node.dir/all] Error 2
[2.773s] gmake[1]: *** Waiting for unfinished jobs....
[9.555s] [ 75%] [32m[1mLinking CXX executable calibration_node[0m
[10.681s] [ 75%] Built target calibration_node
[10.684s] gmake: *** [Makefile:146: all] Error 2
[10.718s] Invoked command in '/home/parallels/calib_ws/build/hand_eye_calibration' returned '2': CMAKE_PREFIX_PATH=${CMAKE_PREFIX_PATH}:/opt/ros/humble /usr/bin/cmake --build /home/parallels/calib_ws/build/hand_eye_calibration -- -j2 -l2
