[35m[1mConsolidate compiler generated dependencies of target scan_processing_node[0m
[ 50%] Built target calibration_node
[ 75%] [32mBuilding CXX object CMakeFiles/scan_processing_node.dir/src/scan_processing_node.cpp.o[0m
[01m[K/home/parallels/calib_ws/src/hand_eye_calibration/src/scan_processing_node.cpp:[m[K In constructor ‘[01m[KPointCloudProcessor::PointCloudProcessor()[m[K’:
[01m[K/home/parallels/calib_ws/src/hand_eye_calibration/src/scan_processing_node.cpp:140:76:[m[K [01;31m[Kerror: [m[Kcould not convert ‘[01m[K{((PointCloudProcessor*)this)->PointCloudProcessor::cloud1, ((PointCloudProcessor*)this)->PointCloudProcessor::cloud2}[m[K’ from ‘[01m[K<brace-enclosed initializer list>[m[K’ to ‘[01m[Kstd::vector<pcl::PointCloud<pcl::PointXYZRGB> >[m[K’
  140 |         vector<PointCloud<PointXYZRGB>> misaligned_clouds = {cloud1, cloud2[01;31m[K}[m[K;
      |                                                                            [01;31m[K^[m[K
      |                                                                            [01;31m[K|[m[K
      |                                                                            [01;31m[K<brace-enclosed initializer list>[m[K
[01m[K/home/parallels/calib_ws/src/hand_eye_calibration/src/scan_processing_node.cpp:143:38:[m[K [01;31m[Kerror: [m[Kcould not convert ‘[01m[Kmisaligned_clouds[m[K’ from ‘[01m[Kvector<[01;32m[Kpcl::PointCloud<pcl::PointXYZRGB>[m[K>[m[K’ to ‘[01m[Kvector<[01;32m[Kstd::shared_ptr<pcl::PointCloud<pcl::PointXYZRGB> >[m[K>[m[K’
  143 |         visualizeMultiplePointClouds([01;31m[Kmisaligned_clouds[m[K, "misaligned_clouds");
      |                                      [01;31m[K^~~~~~~~~~~~~~~~~[m[K
      |                                      [01;31m[K|[m[K
      |                                      [01;31m[Kvector<pcl::PointCloud<pcl::PointXYZRGB>>[m[K
[01m[K/home/parallels/calib_ws/src/hand_eye_calibration/src/scan_processing_node.cpp:153:34:[m[K [01;31m[Kerror: [m[Ktoo many arguments to function ‘[01m[Kvoid visualizeSinglePointCloud(pcl::PointCloud<pcl::PointXYZRGB>::Ptr)[m[K’
  153 |         [01;31m[KvisualizeSinglePointCloud(aligned_cloud, "aligned_cloud")[m[K;
      |         [01;31m[K~~~~~~~~~~~~~~~~~~~~~~~~~^~~~~~~~~~~~~~~~~~~~~~~~~~~~~~~~[m[K
[01m[K/home/parallels/calib_ws/src/hand_eye_calibration/src/scan_processing_node.cpp:105:6:[m[K [01;36m[Knote: [m[Kdeclared here
  105 | void [01;36m[KvisualizeSinglePointCloud[m[K(PointCloud<PointXYZRGB>::Ptr cloud) {
      |      [01;36m[K^~~~~~~~~~~~~~~~~~~~~~~~~[m[K
gmake[2]: *** [CMakeFiles/scan_processing_node.dir/build.make:76: CMakeFiles/scan_processing_node.dir/src/scan_processing_node.cpp.o] Error 1
gmake[1]: *** [CMakeFiles/Makefile2:139: CMakeFiles/scan_processing_node.dir/all] Error 2
gmake: *** [Makefile:146: all] Error 2
