[0.006s] Invoking command in '/home/parallels/calib_ws/build/hand_eye_calibration': CMAKE_PREFIX_PATH=${CMAKE_PREFIX_PATH}:/opt/ros/humble /usr/bin/cmake --build /home/parallels/calib_ws/build/hand_eye_calibration -- -j2 -l2
[0.059s] -- Found rclcpp: 16.0.11 (/opt/ros/humble/share/rclcpp/cmake)
[0.089s] -- Found Python3: /usr/bin/python3 (found version "3.10.12") found components: Interpreter 
[0.155s] -- Found rosidl_generator_c: 3.1.6 (/opt/ros/humble/share/rosidl_generator_c/cmake)
[0.157s] -- Found rosidl_adapter: 3.1.6 (/opt/ros/humble/share/rosidl_adapter/cmake)
[0.162s] -- Found rosidl_generator_cpp: 3.1.6 (/opt/ros/humble/share/rosidl_generator_cpp/cmake)
[0.168s] -- Using all available rosidl_typesupport_c: rosidl_typesupport_fastrtps_c;rosidl_typesupport_introspection_c
[0.177s] -- Using all available rosidl_typesupport_cpp: rosidl_typesupport_fastrtps_cpp;rosidl_typesupport_introspection_cpp
[0.199s] -- Found rmw_implementation_cmake: 6.1.2 (/opt/ros/humble/share/rmw_implementation_cmake/cmake)
[0.200s] -- Found rmw_fastrtps_cpp: 6.2.7 (/opt/ros/humble/share/rmw_fastrtps_cpp/cmake)
[0.264s] -- Using RMW implementation 'rmw_fastrtps_cpp' as default
[0.353s] -- Found Python3: /usr/bin/python3 (found suitable version "3.10.12", minimum required is "3.10") found components: Interpreter Development.Module Development.Embed 
[0.693s] -- Eigen found (include: /usr/include/eigen3, version: 3.4.0)
[0.711s] -- FLANN found (include: /usr/include, lib: /usr/lib/aarch64-linux-gnu/libflann_cpp.so)
[0.792s] -- OpenNI found (version: 1.5.4.0, include: /usr/include/ni, lib: /usr/lib/libOpenNI.so;libusb::libusb)
[0.795s] -- OpenNI2 found (version: 2.2.0.33, include: /usr/include/openni2, lib: /usr/lib/aarch64-linux-gnu/libOpenNI2.so;libusb::libusb)
[0.795s] [0m** WARNING ** io features related to pcap will be disabled[0m
[0.870s] -- Eigen found (include: /usr/include/eigen3, version: 3.4.0)
[0.872s] -- OpenNI found (version: 1.5.4.0, include: /usr/include/ni, lib: /usr/lib/libOpenNI.so;libusb::libusb)
[0.875s] -- OpenNI2 found (version: 2.2.0.33, include: /usr/include/openni2, lib: /usr/lib/aarch64-linux-gnu/libOpenNI2.so;libusb::libusb)
[0.950s] -- Found Qhull version 8.0.2
[1.024s] -- OpenNI found (version: 1.5.4.0, include: /usr/include/ni, lib: /usr/lib/libOpenNI.so;libusb::libusb)
[1.093s] -- looking for PCL_COMMON
[1.093s] -- looking for PCL_KDTREE
[1.093s] -- looking for PCL_OCTREE
[1.093s] -- looking for PCL_SEARCH
[1.093s] -- looking for PCL_SAMPLE_CONSENSUS
[1.094s] -- looking for PCL_FILTERS
[1.094s] -- looking for PCL_2D
[1.094s] -- looking for PCL_GEOMETRY
[1.094s] -- looking for PCL_IO
[1.094s] -- looking for PCL_FEATURES
[1.094s] -- looking for PCL_ML
[1.095s] -- looking for PCL_SEGMENTATION
[1.095s] -- looking for PCL_VISUALIZATION
[1.095s] -- looking for PCL_SURFACE
[1.095s] -- looking for PCL_REGISTRATION
[1.095s] -- looking for PCL_KEYPOINTS
[1.096s] -- looking for PCL_TRACKING
[1.096s] -- looking for PCL_RECOGNITION
[1.096s] -- looking for PCL_STEREO
[1.096s] -- looking for PCL_APPS
[1.096s] -- looking for PCL_IN_HAND_SCANNER
[1.097s] -- looking for PCL_MODELER
[1.097s] -- looking for PCL_POINT_CLOUD_EDITOR
[1.097s] -- looking for PCL_OUTOFCORE
[1.097s] -- looking for PCL_PEOPLE
[1.099s] -- Found ament_cmake_ros: 0.10.0 (/opt/ros/humble/share/ament_cmake_ros/cmake)
[1.103s] -- PCL_INCLUDE_DIRS: /usr/include/pcl-1.12;/usr/include/eigen3;/usr/include;/usr/include/ni;/usr/include/openni2
[1.136s] -- Configuring done
[1.162s] -- Generating done
[1.169s] -- Build files have been written to: /home/parallels/calib_ws/build/hand_eye_calibration
[1.185s] [35m[1mConsolidate compiler generated dependencies of target calibration_node[0m
[1.187s] [ 25%] [32mBuilding CXX object CMakeFiles/scan_processing_node.dir/src/scan_processing_node.cpp.o[0m
[1.256s] [ 75%] Built target calibration_node
[2.075s] [01m[K/home/parallels/calib_ws/src/hand_eye_calibration/src/scan_processing_node.cpp:5:10:[m[K [01;31m[Kfatal error: [m[Kpcl/filters/moving_least_squares.h: No such file or directory
[2.075s]     5 | #include [01;31m[K<pcl/filters/moving_least_squares.h>[m[K
[2.075s]       |          [01;31m[K^~~~~~~~~~~~~~~~~~~~~~~~~~~~~~~~~~~~[m[K
[2.075s] compilation terminated.
[2.082s] gmake[2]: *** [CMakeFiles/scan_processing_node.dir/build.make:76: CMakeFiles/scan_processing_node.dir/src/scan_processing_node.cpp.o] Error 1
[2.082s] gmake[1]: *** [CMakeFiles/Makefile2:139: CMakeFiles/scan_processing_node.dir/all] Error 2
[2.082s] gmake: *** [Makefile:146: all] Error 2
[2.084s] Invoked command in '/home/parallels/calib_ws/build/hand_eye_calibration' returned '2': CMAKE_PREFIX_PATH=${CMAKE_PREFIX_PATH}:/opt/ros/humble /usr/bin/cmake --build /home/parallels/calib_ws/build/hand_eye_calibration -- -j2 -l2
