[01m[K/home/parallels/calib_ws/src/hand_eye_calibration/src/calibration_node.cpp:[m[K In member function ‘[01m[KEigen::Matrix4d CalibrationNode::compute_T_cam_ee(std::vector<Eigen::Matrix<double, 4, 4> >, std::vector<std::vector<Eigen::Matrix<double, 4, 1> > >&, std::vector<std::vector<Eigen::Matrix<double, 4, 1> > >&)[m[K’:
[01m[K/home/parallels/calib_ws/src/hand_eye_calibration/src/calibration_node.cpp:361:13:[m[K [01;31m[Kerror: [m[K‘[01m[KT_ee_cam_temp[m[K’ was not declared in this scope
  361 |             [01;31m[KT_ee_cam_temp[m[K = pose * T_cam_world;
      |             [01;31m[K^~~~~~~~~~~~~[m[K
[01m[K/home/parallels/calib_ws/src/hand_eye_calibration/src/calibration_node.cpp:381:37:[m[K [01;31m[Kerror: [m[K‘[01m[KT_cam_ee[m[K’ was not declared in this scope
  381 |             T_ee_cam_accumulator += [01;31m[KT_cam_ee[m[K;
      |                                     [01;31m[K^~~~~~~~[m[K
In file included from [01m[K/usr/include/eigen3/Eigen/Core:164[m[K,
                 from [01m[K/usr/include/eigen3/Eigen/Dense:1[m[K,
                 from [01m[K/home/parallels/calib_ws/src/hand_eye_calibration/src/calibration_node.cpp:4[m[K:
/usr/include/eigen3/Eigen/src/Core/GeneralProduct.h: In instantiation of ‘[01m[Kconst Eigen::Product<Derived, OtherDerived> Eigen::MatrixBase<Derived>::operator*(const Eigen::MatrixBase<OtherDerived>&) const [with OtherDerived = Eigen::Transpose<Eigen::Matrix<double, 3, 1> >; Derived = Eigen::Matrix<double, 3, 3>][m[K’:
[01m[K/home/parallels/calib_ws/src/hand_eye_calibration/src/calibration_node.cpp:350:82:[m[K   required from here
[01m[K/usr/include/eigen3/Eigen/src/Core/GeneralProduct.h:419:3:[m[K [01;31m[Kerror: [m[Kstatic assertion failed: INVALID_MATRIX_PRODUCT
  419 |   [01;31m[KEIGEN_STATIC_ASSERT[m[K(ProductIsValid || SameSizes, INVALID_MATRIX_PRODUCT)
      |   [01;31m[K^~~~~~~~~~~~~~~~~~~[m[K
[01m[K/usr/include/eigen3/Eigen/src/Core/GeneralProduct.h:419:3:[m[K [01;36m[Knote: [m[K‘[01m[K(false || false)[m[K’ evaluates to false
/usr/include/eigen3/Eigen/src/Core/CwiseBinaryOp.h: In instantiation of ‘[01m[KEigen::CwiseBinaryOp<BinaryOp, Lhs, Rhs>::CwiseBinaryOp(const Lhs&, const Rhs&, const BinaryOp&) [with BinaryOp = Eigen::internal::scalar_difference_op<double, double>; LhsType = const Eigen::Transpose<Eigen::Matrix<double, 3, 1> >; RhsType = const Eigen::Product<Eigen::Matrix<double, 3, 3>, Eigen::Transpose<Eigen::Matrix<double, 3, 1> >, 0>; Eigen::CwiseBinaryOp<BinaryOp, Lhs, Rhs>::Lhs = Eigen::Transpose<Eigen::Matrix<double, 3, 1> >; Eigen::CwiseBinaryOp<BinaryOp, Lhs, Rhs>::Rhs = Eigen::Product<Eigen::Matrix<double, 3, 3>, Eigen::Transpose<Eigen::Matrix<double, 3, 1> >, 0>][m[K’:
[01m[K/usr/include/eigen3/Eigen/src/plugins/CommonCwiseBinaryOps.h:19:1:[m[K   required from ‘[01m[Kconst Eigen::CwiseBinaryOp<Eigen::internal::scalar_difference_op<typename Eigen::internal::traits<T>::Scalar, typename Eigen::internal::traits<OtherDerived>::Scalar>, const Derived, const OtherDerived> Eigen::MatrixBase<Derived>::operator-(const Eigen::MatrixBase<OtherDerived>&) const [with OtherDerived = Eigen::Product<Eigen::Matrix<double, 3, 3>, Eigen::Transpose<Eigen::Matrix<double, 3, 1> >, 0>; Derived = Eigen::Transpose<Eigen::Matrix<double, 3, 1> >; typename Eigen::internal::traits<OtherDerived>::Scalar = double; typename Eigen::internal::traits<T>::Scalar = double][m[K’
[01m[K/home/parallels/calib_ws/src/hand_eye_calibration/src/calibration_node.cpp:350:82:[m[K   required from here
[01m[K/usr/include/eigen3/Eigen/src/Core/CwiseBinaryOp.h:115:7:[m[K [01;31m[Kerror: [m[Kstatic assertion failed: YOU_MIXED_MATRICES_OF_DIFFERENT_SIZES
  115 |       [01;31m[KEIGEN_STATIC_ASSERT_SAME_MATRIX_SIZE[m[K(Lhs, Rhs)
      |       [01;31m[K^~~~~~~~~~~~~~~~~~~~~~~~~~~~~~~~~~~~[m[K
[01m[K/usr/include/eigen3/Eigen/src/Core/CwiseBinaryOp.h:115:7:[m[K [01;36m[Knote: [m[K‘[01m[K(((((int)Eigen::internal::size_of_xpr_at_compile_time<Eigen::Transpose<Eigen::Matrix<double, 3, 1> > >::ret) == 0) && (((int)Eigen::internal::size_of_xpr_at_compile_time<Eigen::Product<Eigen::Matrix<double, 3, 3>, Eigen::Transpose<Eigen::Matrix<double, 3, 1> >, 0> >::ret) == 0)) || ((((((int)Eigen::Transpose<Eigen::Matrix<double, 3, 1> >::RowsAtCompileTime) == ((int)Eigen::Dynamic)) || (((int)Eigen::Product<Eigen::Matrix<double, 3, 3>, Eigen::Transpose<Eigen::Matrix<double, 3, 1> >, 0>::RowsAtCompileTime) == ((int)Eigen::Dynamic))) || (((int)Eigen::Transpose<Eigen::Matrix<double, 3, 1> >::RowsAtCompileTime) == ((int)Eigen::Product<Eigen::Matrix<double, 3, 3>, Eigen::Transpose<Eigen::Matrix<double, 3, 1> >, 0>::RowsAtCompileTime))) && (((((int)Eigen::Transpose<Eigen::Matrix<double, 3, 1> >::ColsAtCompileTime) == ((int)Eigen::Dynamic)) || (((int)Eigen::Product<Eigen::Matrix<double, 3, 3>, Eigen::Transpose<Eigen::Matrix<double, 3, 1> >, 0>::ColsAtCompileTime) == ((int)Eigen::Dynamic))) || (((int)Eigen::Transpose<Eigen::Matrix<double, 3, 1> >::ColsAtCompileTime) == ((int)Eigen::Product<Eigen::Matrix<double, 3, 3>, Eigen::Transpose<Eigen::Matrix<double, 3, 1> >, 0>::ColsAtCompileTime)))))[m[K’ evaluates to false
/usr/include/eigen3/Eigen/src/Core/AssignEvaluator.h: In instantiation of ‘[01m[Kvoid Eigen::internal::call_assignment_no_alias(Dst&, const Src&, const Func&) [with Dst = Eigen::Transpose<Eigen::Matrix<double, 3, 1> >; Src = Eigen::Product<Eigen::Matrix<double, 3, 3>, Eigen::Transpose<Eigen::Matrix<double, 3, 1> >, 0>; Func = Eigen::internal::sub_assign_op<double, double>][m[K’:
[01m[K/usr/include/eigen3/Eigen/src/Core/ProductEvaluators.h:224:29:[m[K   required from ‘[01m[Kstatic void Eigen::internal::assignment_from_xpr_op_product<DstXprType, OtherXpr, ProductType, Func1, Func2>::run(DstXprType&, const SrcXprType&, const InitialFunc&) [with SrcXprType = Eigen::CwiseBinaryOp<Eigen::internal::scalar_difference_op<double, double>, const Eigen::Transpose<Eigen::Matrix<double, 3, 1> >, const Eigen::Product<Eigen::Matrix<double, 3, 3>, Eigen::Transpose<Eigen::Matrix<double, 3, 1> >, 0> >; InitialFunc = Eigen::internal::assign_op<double, double>; DstXprType = Eigen::Transpose<Eigen::Matrix<double, 3, 1> >; OtherXpr = Eigen::Transpose<Eigen::Matrix<double, 3, 1> >; ProductType = Eigen::Product<Eigen::Matrix<double, 3, 3>, Eigen::Transpose<Eigen::Matrix<double, 3, 1> >, 0>; Func1 = Eigen::internal::assign_op<double, double>; Func2 = Eigen::internal::sub_assign_op<double, double>][m[K’
[01m[K/usr/include/eigen3/Eigen/src/Core/AssignEvaluator.h:890:49:[m[K   required from ‘[01m[Kvoid Eigen::internal::call_assignment_no_alias(Dst&, const Src&, const Func&) [with Dst = Eigen::Matrix<double, 3, 1>; Src = Eigen::CwiseBinaryOp<Eigen::internal::scalar_difference_op<double, double>, const Eigen::Transpose<Eigen::Matrix<double, 3, 1> >, const Eigen::Product<Eigen::Matrix<double, 3, 3>, Eigen::Transpose<Eigen::Matrix<double, 3, 1> >, 0> >; Func = Eigen::internal::assign_op<double, double>][m[K’
[01m[K/usr/include/eigen3/Eigen/src/Core/PlainObjectBase.h:797:41:[m[K   required from ‘[01m[KDerived& Eigen::PlainObjectBase<Derived>::_set_noalias(const Eigen::DenseBase<OtherDerived>&) [with OtherDerived = Eigen::CwiseBinaryOp<Eigen::internal::scalar_difference_op<double, double>, const Eigen::Transpose<Eigen::Matrix<double, 3, 1> >, const Eigen::Product<Eigen::Matrix<double, 3, 3>, Eigen::Transpose<Eigen::Matrix<double, 3, 1> >, 0> >; Derived = Eigen::Matrix<double, 3, 1>][m[K’
[01m[K/usr/include/eigen3/Eigen/src/Core/PlainObjectBase.h:594:19:[m[K   required from ‘[01m[KEigen::PlainObjectBase<Derived>::PlainObjectBase(const Eigen::DenseBase<OtherDerived>&) [with OtherDerived = Eigen::CwiseBinaryOp<Eigen::internal::scalar_difference_op<double, double>, const Eigen::Transpose<Eigen::Matrix<double, 3, 1> >, const Eigen::Product<Eigen::Matrix<double, 3, 3>, Eigen::Transpose<Eigen::Matrix<double, 3, 1> >, 0> >; Derived = Eigen::Matrix<double, 3, 1>][m[K’
[01m[K/usr/include/eigen3/Eigen/src/Core/Matrix.h:423:29:[m[K   required from ‘[01m[KEigen::Matrix<_Scalar, _Rows, _Cols, _Options, _MaxRows, _MaxCols>::Matrix(const Eigen::EigenBase<OtherDerived>&) [with OtherDerived = Eigen::CwiseBinaryOp<Eigen::internal::scalar_difference_op<double, double>, const Eigen::Transpose<Eigen::Matrix<double, 3, 1> >, const Eigen::Product<Eigen::Matrix<double, 3, 3>, Eigen::Transpose<Eigen::Matrix<double, 3, 1> >, 0> >; _Scalar = double; int _Rows = 3; int _Cols = 1; int _Options = 0; int _MaxRows = 3; int _MaxCols = 1][m[K’
[01m[K/home/parallels/calib_ws/src/hand_eye_calibration/src/calibration_node.cpp:350:82:[m[K   required from here
[01m[K/usr/include/eigen3/Eigen/src/Core/AssignEvaluator.h:887:3:[m[K [01;31m[Kerror: [m[Kstatic assertion failed: YOU_MIXED_MATRICES_OF_DIFFERENT_SIZES
  887 |   [01;31m[KEIGEN_STATIC_ASSERT_SAME_MATRIX_SIZE[m[K(ActualDstTypeCleaned,Src)
      |   [01;31m[K^~~~~~~~~~~~~~~~~~~~~~~~~~~~~~~~~~~~[m[K
[01m[K/usr/include/eigen3/Eigen/src/Core/AssignEvaluator.h:887:3:[m[K [01;36m[Knote: [m[K‘[01m[K(((((int)Eigen::internal::size_of_xpr_at_compile_time<Eigen::Transpose<Eigen::Matrix<double, 3, 1> > >::ret) == 0) && (((int)Eigen::internal::size_of_xpr_at_compile_time<Eigen::Product<Eigen::Matrix<double, 3, 3>, Eigen::Transpose<Eigen::Matrix<double, 3, 1> >, 0> >::ret) == 0)) || ((((((int)Eigen::Transpose<Eigen::Matrix<double, 3, 1> >::RowsAtCompileTime) == ((int)Eigen::Dynamic)) || (((int)Eigen::Product<Eigen::Matrix<double, 3, 3>, Eigen::Transpose<Eigen::Matrix<double, 3, 1> >, 0>::RowsAtCompileTime) == ((int)Eigen::Dynamic))) || (((int)Eigen::Transpose<Eigen::Matrix<double, 3, 1> >::RowsAtCompileTime) == ((int)Eigen::Product<Eigen::Matrix<double, 3, 3>, Eigen::Transpose<Eigen::Matrix<double, 3, 1> >, 0>::RowsAtCompileTime))) && (((((int)Eigen::Transpose<Eigen::Matrix<double, 3, 1> >::ColsAtCompileTime) == ((int)Eigen::Dynamic)) || (((int)Eigen::Product<Eigen::Matrix<double, 3, 3>, Eigen::Transpose<Eigen::Matrix<double, 3, 1> >, 0>::ColsAtCompileTime) == ((int)Eigen::Dynamic))) || (((int)Eigen::Transpose<Eigen::Matrix<double, 3, 1> >::ColsAtCompileTime) == ((int)Eigen::Product<Eigen::Matrix<double, 3, 3>, Eigen::Transpose<Eigen::Matrix<double, 3, 1> >, 0>::ColsAtCompileTime)))))[m[K’ evaluates to false
gmake[2]: *** [CMakeFiles/calibration_node.dir/build.make:76: CMakeFiles/calibration_node.dir/src/calibration_node.cpp.o] Error 1
gmake[1]: *** [CMakeFiles/Makefile2:165: CMakeFiles/calibration_node.dir/all] Error 2
gmake: *** [Makefile:146: all] Error 2
