[0.006s] Invoking command in '/home/parallels/calib_ws/build/hand_eye_calibration': CMAKE_PREFIX_PATH=${CMAKE_PREFIX_PATH}:/opt/ros/humble /usr/bin/cmake --build /home/parallels/calib_ws/build/hand_eye_calibration -- -j2 -l2
[0.055s] [35m[1mConsolidate compiler generated dependencies of target scan_processing_node[0m
[0.129s] [ 50%] Built target calibration_node
[0.132s] [ 75%] [32mBuilding CXX object CMakeFiles/scan_processing_node.dir/src/scan_processing_node.cpp.o[0m
[7.710s] [100%] [32m[1mLinking CXX executable scan_processing_node[0m
[8.374s] [100%] Built target scan_processing_node
[8.412s] Invoked command in '/home/parallels/calib_ws/build/hand_eye_calibration' returned '0': CMAKE_PREFIX_PATH=${CMAKE_PREFIX_PATH}:/opt/ros/humble /usr/bin/cmake --build /home/parallels/calib_ws/build/hand_eye_calibration -- -j2 -l2
[8.430s] Invoking command in '/home/parallels/calib_ws/build/hand_eye_calibration': CMAKE_PREFIX_PATH=${CMAKE_PREFIX_PATH}:/opt/ros/humble /usr/bin/cmake --install /home/parallels/calib_ws/build/hand_eye_calibration
[8.436s] -- Install configuration: ""
[8.437s] -- Installing: /home/parallels/calib_ws/install/hand_eye_calibration/lib/hand_eye_calibration/scan_processing_node
[8.438s] -- Set runtime path of "/home/parallels/calib_ws/install/hand_eye_calibration/lib/hand_eye_calibration/scan_processing_node" to ""
[8.438s] -- Up-to-date: /home/parallels/calib_ws/install/hand_eye_calibration/include
[8.439s] -- Up-to-date: /home/parallels/calib_ws/install/hand_eye_calibration/include/hand_eye_calibration
[8.439s] -- Up-to-date: /home/parallels/calib_ws/install/hand_eye_calibration/include/hand_eye_calibration/scan_processing_node.hpp
[8.439s] -- Up-to-date: /home/parallels/calib_ws/install/hand_eye_calibration/include/hand_eye_calibration/calibration_node.hpp
[8.439s] -- Up-to-date: /home/parallels/calib_ws/install/hand_eye_calibration/share/hand_eye_calibration/launch
[8.439s] -- Up-to-date: /home/parallels/calib_ws/install/hand_eye_calibration/share/hand_eye_calibration/launch/hand_eye_calibration_launch.py
[8.439s] -- Up-to-date: /home/parallels/calib_ws/install/hand_eye_calibration/share/hand_eye_calibration/data
[8.439s] -- Up-to-date: /home/parallels/calib_ws/install/hand_eye_calibration/share/hand_eye_calibration/data/calibration
[8.440s] -- Up-to-date: /home/parallels/calib_ws/install/hand_eye_calibration/share/hand_eye_calibration/data/calibration/synthetic_scans.dat
[8.440s] -- Up-to-date: /home/parallels/calib_ws/install/hand_eye_calibration/share/hand_eye_calibration/data/calibration/calibration_board_points.dat
[8.440s] -- Up-to-date: /home/parallels/calib_ws/install/hand_eye_calibration/share/hand_eye_calibration/data/calibration/flange_poses.dat
[8.440s] -- Up-to-date: /home/parallels/calib_ws/install/hand_eye_calibration/share/hand_eye_calibration/data/scan_processing
[8.440s] -- Up-to-date: /home/parallels/calib_ws/install/hand_eye_calibration/share/hand_eye_calibration/data/scan_processing/scan2.dat
[8.440s] -- Up-to-date: /home/parallels/calib_ws/install/hand_eye_calibration/share/hand_eye_calibration/data/scan_processing/scan1.dat
[8.441s] -- Up-to-date: /home/parallels/calib_ws/install/hand_eye_calibration/share/ament_index/resource_index/package_run_dependencies/hand_eye_calibration
[8.441s] -- Up-to-date: /home/parallels/calib_ws/install/hand_eye_calibration/share/ament_index/resource_index/parent_prefix_path/hand_eye_calibration
[8.442s] -- Up-to-date: /home/parallels/calib_ws/install/hand_eye_calibration/share/hand_eye_calibration/environment/ament_prefix_path.sh
[8.442s] -- Up-to-date: /home/parallels/calib_ws/install/hand_eye_calibration/share/hand_eye_calibration/environment/ament_prefix_path.dsv
[8.442s] -- Up-to-date: /home/parallels/calib_ws/install/hand_eye_calibration/share/hand_eye_calibration/environment/path.sh
[8.442s] -- Up-to-date: /home/parallels/calib_ws/install/hand_eye_calibration/share/hand_eye_calibration/environment/path.dsv
[8.442s] -- Up-to-date: /home/parallels/calib_ws/install/hand_eye_calibration/share/hand_eye_calibration/local_setup.bash
[8.442s] -- Up-to-date: /home/parallels/calib_ws/install/hand_eye_calibration/share/hand_eye_calibration/local_setup.sh
[8.443s] -- Up-to-date: /home/parallels/calib_ws/install/hand_eye_calibration/share/hand_eye_calibration/local_setup.zsh
[8.443s] -- Up-to-date: /home/parallels/calib_ws/install/hand_eye_calibration/share/hand_eye_calibration/local_setup.dsv
[8.443s] -- Installing: /home/parallels/calib_ws/install/hand_eye_calibration/share/hand_eye_calibration/package.dsv
[8.443s] -- Up-to-date: /home/parallels/calib_ws/install/hand_eye_calibration/share/ament_index/resource_index/packages/hand_eye_calibration
[8.443s] -- Up-to-date: /home/parallels/calib_ws/install/hand_eye_calibration/share/hand_eye_calibration/cmake/hand_eye_calibrationConfig.cmake
[8.443s] -- Up-to-date: /home/parallels/calib_ws/install/hand_eye_calibration/share/hand_eye_calibration/cmake/hand_eye_calibrationConfig-version.cmake
[8.443s] -- Up-to-date: /home/parallels/calib_ws/install/hand_eye_calibration/share/hand_eye_calibration/package.xml
[8.449s] Invoked command in '/home/parallels/calib_ws/build/hand_eye_calibration' returned '0': CMAKE_PREFIX_PATH=${CMAKE_PREFIX_PATH}:/opt/ros/humble /usr/bin/cmake --install /home/parallels/calib_ws/build/hand_eye_calibration
