[0.006s] Invoking command in '/home/parallels/calib_ws/build/hand_eye_calibration': CMAKE_PREFIX_PATH=${CMAKE_PREFIX_PATH}:/opt/ros/humble /usr/bin/cmake --build /home/parallels/calib_ws/build/hand_eye_calibration -- -j2 -l2
[0.164s] [ 25%] [32mBuilding CXX object CMakeFiles/scan_processing_node.dir/src/scan_processing_node.cpp.o[0m
[7.510s] [ 50%] [32m[1mLinking CXX executable scan_processing_node[0m
[8.118s] [ 50%] Built target scan_processing_node
[8.185s] [ 75%] [32mBuilding CXX object CMakeFiles/calibration_node.dir/src/calibration_node.cpp.o[0m
[11.228s] [01m[K/home/parallels/calib_ws/src/hand_eye_calibration/src/calibration_node.cpp:303:65:[m[K [01;31m[Kerror: [m[K‘[01m[KMatrx4d[m[K’ has not been declared
[11.229s]   303 |     void calculateTCamEE(Matrix4d& T_cam_ee, VectorXd T_vector, [01;31m[KMatrx4d[m[K pose) {
[11.229s]       |                                                                 [01;31m[K^~~~~~~[m[K
[11.583s] [01m[K/home/parallels/calib_ws/src/hand_eye_calibration/src/calibration_node.cpp:[m[K In member function ‘[01m[Kvoid CalibrationNode::buildCorrespondenceMatrix(Eigen::MatrixXd&)[m[K’:
[11.583s] [01m[K/home/parallels/calib_ws/src/hand_eye_calibration/src/calibration_node.cpp:286:29:[m[K [01;31m[Kerror: [m[K‘[01m[KnumPoints[m[K’ was not declared in this scope; did you mean ‘[01m[KnumPoses[m[K’?
[11.583s]   286 |         for (int i = 0; i < [01;31m[KnumPoints[m[K; i++) {
[11.583s]       |                             [01;31m[K^~~~~~~~~[m[K
[11.583s]       |                             [32m[KnumPoses[m[K
[11.590s] [01m[K/home/parallels/calib_ws/src/hand_eye_calibration/src/calibration_node.cpp:289:26:[m[K [01;31m[Kerror: [m[K‘[01m[KX_norm[m[K’ was not declared in this scope
[11.590s]   289 |             Vector4d x = [01;31m[KX_norm[m[K[i];         // Scanned point in normalized camera frame
[11.590s]       |                          [01;31m[K^~~~~~[m[K
[11.601s] [01m[K/home/parallels/calib_ws/src/hand_eye_calibration/src/calibration_node.cpp:290:32:[m[K [01;31m[Kerror: [m[K‘[01m[KX_prime_norm[m[K’ was not declared in this scope
[11.601s]   290 |             Vector4d x_prime = [01;31m[KX_prime_norm[m[K[i]; // Known object point in normalized world frame
[11.601s]       |                                [01;31m[K^~~~~~~~~~~~[m[K
[11.617s] [01m[K/home/parallels/calib_ws/src/hand_eye_calibration/src/calibration_node.cpp:[m[K In member function ‘[01m[Kvoid CalibrationNode::calculateTCamEE(Eigen::Matrix4d&, Eigen::VectorXd, int)[m[K’:
[11.617s] [01m[K/home/parallels/calib_ws/src/hand_eye_calibration/src/calibration_node.cpp:313:45:[m[K [01;31m[Kerror: [m[K‘[01m[KT[m[K’ was not declared in this scope; did you mean ‘[01m[Kpcl::deprecated::T[m[K’?
[11.617s]   313 |         T_cam_ee = enforceAffineConstraints([01;31m[KT[m[K);
[11.617s]       |                                             [01;31m[K^[m[K
[11.617s]       |                                             [32m[Kpcl::deprecated::T[m[K
[11.617s] In file included from [01m[K/usr/include/pcl-1.12/pcl/memory.h:46[m[K,
[11.617s]                  from [01m[K/usr/include/pcl-1.12/pcl/pcl_base.h:46[m[K,
[11.617s]                  from [01m[K/usr/include/pcl-1.12/pcl/correspondence.h:45[m[K,
[11.617s]                  from [01m[K/usr/include/pcl-1.12/pcl/visualization/pcl_visualizer.h:42[m[K,
[11.617s]                  from [01m[K/home/parallels/calib_ws/src/hand_eye_calibration/src/calibration_node.cpp:7[m[K:
[11.618s] [01m[K/usr/include/pcl-1.12/pcl/type_traits.h:56:12:[m[K [01;36m[Knote: [m[K‘[01m[Kpcl::deprecated::T[m[K’ declared here
[11.618s]    56 |     struct [01;36m[KT[m[K {};
[11.618s]       |            [01;36m[K^[m[K
[11.631s] [01m[K/home/parallels/calib_ws/src/hand_eye_calibration/src/calibration_node.cpp:[m[K In member function ‘[01m[KEigen::Matrix4d CalibrationNode::compute_T_cam_ee(std::vector<Eigen::Matrix<double, 4, 4> >, std::vector<std::vector<Eigen::Matrix<double, 4, 1> > >&, std::vector<std::vector<Eigen::Matrix<double, 4, 1> > >&)[m[K’:
[11.631s] [01m[K/home/parallels/calib_ws/src/hand_eye_calibration/src/calibration_node.cpp:357:13:[m[K [01;31m[Kerror: [m[Kexpected ‘[01m[K;[m[K’ before ‘[01m[KJacobiSVD[m[K’
[11.631s]   357 |             [01;31m[KJacobiSVD[m[K<MatrixXd> svd(correspondenceMatrix, ComputeFullV);
[11.631s]       |             [01;31m[K^~~~~~~~~[m[K
[11.637s] [01m[K/home/parallels/calib_ws/src/hand_eye_calibration/src/calibration_node.cpp:360:33:[m[K [01;31m[Kerror: [m[K‘[01m[Ksvd[m[K’ was not declared in this scope; did you mean ‘[01m[Kstd[m[K’?
[11.637s]   360 |             VectorXd T_vector = [01;31m[Ksvd[m[K.matrixV().col(15); // Extracting the smallest singular value solution
[11.637s]       |                                 [01;31m[K^~~[m[K
[11.637s]       |                                 [32m[Kstd[m[K
[11.637s] [01m[K/home/parallels/calib_ws/src/hand_eye_calibration/src/calibration_node.cpp:364:58:[m[K [01;31m[Kerror: [m[Kexpected primary-expression before ‘[01m[Kpose[m[K’
[11.637s]   364 |             calculateTCamEE(T_cam_ee, T_vector, Matrix4d [01;31m[Kpose[m[K);
[11.637s]       |                                                          [01;31m[K^~~~[m[K
[12.390s] gmake[2]: *** [CMakeFiles/calibration_node.dir/build.make:76: CMakeFiles/calibration_node.dir/src/calibration_node.cpp.o] Error 1
[12.390s] gmake[1]: *** [CMakeFiles/Makefile2:165: CMakeFiles/calibration_node.dir/all] Error 2
[12.392s] gmake: *** [Makefile:146: all] Error 2
[12.421s] Invoked command in '/home/parallels/calib_ws/build/hand_eye_calibration' returned '2': CMAKE_PREFIX_PATH=${CMAKE_PREFIX_PATH}:/opt/ros/humble /usr/bin/cmake --build /home/parallels/calib_ws/build/hand_eye_calibration -- -j2 -l2
