[0.006s] Invoking command in '/home/parallels/calib_ws/build/hand_eye_calibration': CMAKE_PREFIX_PATH=${CMAKE_PREFIX_PATH}:/opt/ros/humble /usr/bin/cmake --build /home/parallels/calib_ws/build/hand_eye_calibration -- -j2 -l2
[0.029s] [35m[1mConsolidate compiler generated dependencies of target calibration_node[0m
[0.046s] [ 50%] Built target scan_processing_node
[0.046s] [ 75%] [32mBuilding CXX object CMakeFiles/calibration_node.dir/src/calibration_node.cpp.o[0m
[4.783s] [100%] [32m[1mLinking CXX executable calibration_node[0m
[5.816s] [100%] Built target calibration_node
[5.822s] Invoked command in '/home/parallels/calib_ws/build/hand_eye_calibration' returned '0': CMAKE_PREFIX_PATH=${CMAKE_PREFIX_PATH}:/opt/ros/humble /usr/bin/cmake --build /home/parallels/calib_ws/build/hand_eye_calibration -- -j2 -l2
[5.825s] Invoking command in '/home/parallels/calib_ws/build/hand_eye_calibration': CMAKE_PREFIX_PATH=${CMAKE_PREFIX_PATH}:/opt/ros/humble /usr/bin/cmake --install /home/parallels/calib_ws/build/hand_eye_calibration
[5.828s] -- Install configuration: ""
[5.828s] -- Up-to-date: /home/parallels/calib_ws/install/hand_eye_calibration/lib/hand_eye_calibration/scan_processing_node
[5.829s] -- Installing: /home/parallels/calib_ws/install/hand_eye_calibration/lib/hand_eye_calibration/calibration_node
[5.830s] -- Set runtime path of "/home/parallels/calib_ws/install/hand_eye_calibration/lib/hand_eye_calibration/calibration_node" to ""
[5.830s] -- Up-to-date: /home/parallels/calib_ws/install/hand_eye_calibration/include
[5.830s] -- Up-to-date: /home/parallels/calib_ws/install/hand_eye_calibration/include/hand_eye_calibration
[5.830s] -- Up-to-date: /home/parallels/calib_ws/install/hand_eye_calibration/include/hand_eye_calibration/scan_processing_node.hpp
[5.830s] -- Up-to-date: /home/parallels/calib_ws/install/hand_eye_calibration/include/hand_eye_calibration/calibration_node.hpp
[5.830s] -- Up-to-date: /home/parallels/calib_ws/install/hand_eye_calibration/share/hand_eye_calibration/launch
[5.830s] -- Up-to-date: /home/parallels/calib_ws/install/hand_eye_calibration/share/hand_eye_calibration/launch/hand_eye_calibration_launch.py
[5.831s] -- Up-to-date: /home/parallels/calib_ws/install/hand_eye_calibration/share/hand_eye_calibration/data
[5.831s] -- Up-to-date: /home/parallels/calib_ws/install/hand_eye_calibration/share/hand_eye_calibration/data/calibration
[5.831s] -- Up-to-date: /home/parallels/calib_ws/install/hand_eye_calibration/share/hand_eye_calibration/data/calibration/synthetic_scans.dat
[5.831s] -- Up-to-date: /home/parallels/calib_ws/install/hand_eye_calibration/share/hand_eye_calibration/data/calibration/calibration_board_points.dat
[5.831s] -- Up-to-date: /home/parallels/calib_ws/install/hand_eye_calibration/share/hand_eye_calibration/data/calibration/flange_poses.dat
[5.831s] -- Up-to-date: /home/parallels/calib_ws/install/hand_eye_calibration/share/hand_eye_calibration/data/scan_processing
[5.831s] -- Up-to-date: /home/parallels/calib_ws/install/hand_eye_calibration/share/hand_eye_calibration/data/scan_processing/scan2.dat
[5.831s] -- Up-to-date: /home/parallels/calib_ws/install/hand_eye_calibration/share/hand_eye_calibration/data/scan_processing/scan1.dat
[5.831s] -- Up-to-date: /home/parallels/calib_ws/install/hand_eye_calibration/share/ament_index/resource_index/package_run_dependencies/hand_eye_calibration
[5.831s] -- Up-to-date: /home/parallels/calib_ws/install/hand_eye_calibration/share/ament_index/resource_index/parent_prefix_path/hand_eye_calibration
[5.831s] -- Up-to-date: /home/parallels/calib_ws/install/hand_eye_calibration/share/hand_eye_calibration/environment/ament_prefix_path.sh
[5.831s] -- Up-to-date: /home/parallels/calib_ws/install/hand_eye_calibration/share/hand_eye_calibration/environment/ament_prefix_path.dsv
[5.831s] -- Up-to-date: /home/parallels/calib_ws/install/hand_eye_calibration/share/hand_eye_calibration/environment/path.sh
[5.831s] -- Up-to-date: /home/parallels/calib_ws/install/hand_eye_calibration/share/hand_eye_calibration/environment/path.dsv
[5.831s] -- Up-to-date: /home/parallels/calib_ws/install/hand_eye_calibration/share/hand_eye_calibration/local_setup.bash
[5.831s] -- Up-to-date: /home/parallels/calib_ws/install/hand_eye_calibration/share/hand_eye_calibration/local_setup.sh
[5.831s] -- Up-to-date: /home/parallels/calib_ws/install/hand_eye_calibration/share/hand_eye_calibration/local_setup.zsh
[5.831s] -- Up-to-date: /home/parallels/calib_ws/install/hand_eye_calibration/share/hand_eye_calibration/local_setup.dsv
[5.831s] -- Installing: /home/parallels/calib_ws/install/hand_eye_calibration/share/hand_eye_calibration/package.dsv
[5.831s] -- Up-to-date: /home/parallels/calib_ws/install/hand_eye_calibration/share/ament_index/resource_index/packages/hand_eye_calibration
[5.831s] -- Up-to-date: /home/parallels/calib_ws/install/hand_eye_calibration/share/hand_eye_calibration/cmake/hand_eye_calibrationConfig.cmake
[5.831s] -- Up-to-date: /home/parallels/calib_ws/install/hand_eye_calibration/share/hand_eye_calibration/cmake/hand_eye_calibrationConfig-version.cmake
[5.831s] -- Up-to-date: /home/parallels/calib_ws/install/hand_eye_calibration/share/hand_eye_calibration/package.xml
[5.832s] Invoked command in '/home/parallels/calib_ws/build/hand_eye_calibration' returned '0': CMAKE_PREFIX_PATH=${CMAKE_PREFIX_PATH}:/opt/ros/humble /usr/bin/cmake --install /home/parallels/calib_ws/build/hand_eye_calibration
