[0.076s] DEBUG:colcon:Command line arguments: ['/home/parallels/.local/bin/colcon', 'build']
[0.076s] DEBUG:colcon:Parsed command line arguments: Namespace(log_base=None, log_level=None, verb_name='build', build_base='build', install_base='install', merge_install=False, symlink_install=False, test_result_base=None, continue_on_error=False, executor='parallel', parallel_workers=2, event_handlers=None, ignore_user_meta=False, metas=['./colcon.meta'], base_paths=['.'], packages_ignore=None, packages_ignore_regex=None, paths=None, packages_up_to=None, packages_up_to_regex=None, packages_above=None, packages_above_and_dependencies=None, packages_above_depth=None, packages_select_by_dep=None, packages_skip_by_dep=None, packages_skip_up_to=None, packages_select_build_failed=False, packages_skip_build_finished=False, packages_select_test_failures=False, packages_skip_test_passed=False, packages_select=None, packages_skip=None, packages_select_regex=None, packages_skip_regex=None, packages_start=None, packages_end=None, allow_overriding=[], cmake_args=None, cmake_target=None, cmake_target_skip_unavailable=False, cmake_clean_cache=False, cmake_clean_first=False, cmake_force_configure=False, ament_cmake_args=None, catkin_cmake_args=None, catkin_skip_building_tests=False, verb_parser=<colcon_defaults.argument_parser.defaults.DefaultArgumentsDecorator object at 0xffff93c7af20>, verb_extension=<colcon_core.verb.build.BuildVerb object at 0xffff93c7a950>, main=<bound method BuildVerb.main of <colcon_core.verb.build.BuildVerb object at 0xffff93c7a950>>)
[0.153s] Level 1:colcon.colcon_core.package_discovery:discover_packages(colcon_meta) check parameters
[0.153s] Level 1:colcon.colcon_core.package_discovery:discover_packages(recursive) check parameters
[0.153s] Level 1:colcon.colcon_core.package_discovery:discover_packages(ignore) check parameters
[0.153s] Level 1:colcon.colcon_core.package_discovery:discover_packages(path) check parameters
[0.153s] Level 1:colcon.colcon_core.package_discovery:discover_packages(colcon_meta) discover
[0.153s] Level 1:colcon.colcon_core.package_discovery:discover_packages(recursive) discover
[0.153s] INFO:colcon.colcon_core.package_discovery:Crawling recursively for packages in '/home/parallels/calib_ws'
[0.153s] Level 1:colcon.colcon_core.package_identification:_identify(.) by extensions ['ignore', 'ignore_ament_install']
[0.153s] Level 1:colcon.colcon_core.package_identification:_identify(.) by extension 'ignore'
[0.153s] Level 1:colcon.colcon_core.package_identification:_identify(.) by extension 'ignore_ament_install'
[0.153s] Level 1:colcon.colcon_core.package_identification:_identify(.) by extensions ['colcon_pkg']
[0.153s] Level 1:colcon.colcon_core.package_identification:_identify(.) by extension 'colcon_pkg'
[0.153s] Level 1:colcon.colcon_core.package_identification:_identify(.) by extensions ['colcon_meta']
[0.153s] Level 1:colcon.colcon_core.package_identification:_identify(.) by extension 'colcon_meta'
[0.153s] Level 1:colcon.colcon_core.package_identification:_identify(.) by extensions ['ros']
[0.154s] Level 1:colcon.colcon_core.package_identification:_identify(.) by extension 'ros'
[0.159s] Level 1:colcon.colcon_core.package_identification:_identify(.) by extensions ['cmake', 'python']
[0.159s] Level 1:colcon.colcon_core.package_identification:_identify(.) by extension 'cmake'
[0.159s] Level 1:colcon.colcon_core.package_identification:_identify(.) by extension 'python'
[0.159s] Level 1:colcon.colcon_core.package_identification:_identify(.) by extensions ['python_setup_py']
[0.159s] Level 1:colcon.colcon_core.package_identification:_identify(.) by extension 'python_setup_py'
[0.159s] Level 1:colcon.colcon_core.package_identification:_identify(build) by extensions ['ignore', 'ignore_ament_install']
[0.159s] Level 1:colcon.colcon_core.package_identification:_identify(build) by extension 'ignore'
[0.159s] Level 1:colcon.colcon_core.package_identification:_identify(build) ignored
[0.159s] Level 1:colcon.colcon_core.package_identification:_identify(install) by extensions ['ignore', 'ignore_ament_install']
[0.159s] Level 1:colcon.colcon_core.package_identification:_identify(install) by extension 'ignore'
[0.159s] Level 1:colcon.colcon_core.package_identification:_identify(install) ignored
[0.159s] Level 1:colcon.colcon_core.package_identification:_identify(log) by extensions ['ignore', 'ignore_ament_install']
[0.159s] Level 1:colcon.colcon_core.package_identification:_identify(log) by extension 'ignore'
[0.159s] Level 1:colcon.colcon_core.package_identification:_identify(log) ignored
[0.159s] Level 1:colcon.colcon_core.package_identification:_identify(src) by extensions ['ignore', 'ignore_ament_install']
[0.159s] Level 1:colcon.colcon_core.package_identification:_identify(src) by extension 'ignore'
[0.159s] Level 1:colcon.colcon_core.package_identification:_identify(src) by extension 'ignore_ament_install'
[0.159s] Level 1:colcon.colcon_core.package_identification:_identify(src) by extensions ['colcon_pkg']
[0.159s] Level 1:colcon.colcon_core.package_identification:_identify(src) by extension 'colcon_pkg'
[0.159s] Level 1:colcon.colcon_core.package_identification:_identify(src) by extensions ['colcon_meta']
[0.159s] Level 1:colcon.colcon_core.package_identification:_identify(src) by extension 'colcon_meta'
[0.159s] Level 1:colcon.colcon_core.package_identification:_identify(src) by extensions ['ros']
[0.159s] Level 1:colcon.colcon_core.package_identification:_identify(src) by extension 'ros'
[0.159s] Level 1:colcon.colcon_core.package_identification:_identify(src) by extensions ['cmake', 'python']
[0.159s] Level 1:colcon.colcon_core.package_identification:_identify(src) by extension 'cmake'
[0.159s] Level 1:colcon.colcon_core.package_identification:_identify(src) by extension 'python'
[0.160s] Level 1:colcon.colcon_core.package_identification:_identify(src) by extensions ['python_setup_py']
[0.160s] Level 1:colcon.colcon_core.package_identification:_identify(src) by extension 'python_setup_py'
[0.160s] Level 1:colcon.colcon_core.package_identification:_identify(src/hand_eye_calibration) by extensions ['ignore', 'ignore_ament_install']
[0.160s] Level 1:colcon.colcon_core.package_identification:_identify(src/hand_eye_calibration) by extension 'ignore'
[0.160s] Level 1:colcon.colcon_core.package_identification:_identify(src/hand_eye_calibration) by extension 'ignore_ament_install'
[0.160s] Level 1:colcon.colcon_core.package_identification:_identify(src/hand_eye_calibration) by extensions ['colcon_pkg']
[0.160s] Level 1:colcon.colcon_core.package_identification:_identify(src/hand_eye_calibration) by extension 'colcon_pkg'
[0.160s] Level 1:colcon.colcon_core.package_identification:_identify(src/hand_eye_calibration) by extensions ['colcon_meta']
[0.160s] Level 1:colcon.colcon_core.package_identification:_identify(src/hand_eye_calibration) by extension 'colcon_meta'
[0.160s] Level 1:colcon.colcon_core.package_identification:_identify(src/hand_eye_calibration) by extensions ['ros']
[0.160s] Level 1:colcon.colcon_core.package_identification:_identify(src/hand_eye_calibration) by extension 'ros'
[0.162s] DEBUG:colcon.colcon_core.package_identification:Package 'src/hand_eye_calibration' with type 'ros.ament_cmake' and name 'hand_eye_calibration'
[0.162s] Level 1:colcon.colcon_core.package_discovery:discover_packages(recursive) using defaults
[0.162s] Level 1:colcon.colcon_core.package_discovery:discover_packages(ignore) discover
[0.162s] Level 1:colcon.colcon_core.package_discovery:discover_packages(ignore) using defaults
[0.162s] Level 1:colcon.colcon_core.package_discovery:discover_packages(path) discover
[0.162s] Level 1:colcon.colcon_core.package_discovery:discover_packages(path) using defaults
[0.174s] Level 1:colcon.colcon_core.package_discovery:discover_packages(prefix_path) check parameters
[0.174s] Level 1:colcon.colcon_core.package_discovery:discover_packages(prefix_path) discover
[0.176s] DEBUG:colcon.colcon_installed_package_information.package_discovery:Found 1 installed packages in /home/parallels/calib_ws/install
[0.176s] DEBUG:colcon.colcon_installed_package_information.package_discovery:Found 269 installed packages in /opt/ros/humble
[0.177s] Level 1:colcon.colcon_core.package_discovery:discover_packages(prefix_path) using defaults
[0.199s] Level 5:colcon.colcon_core.verb:set package 'hand_eye_calibration' build argument 'cmake_args' from command line to 'None'
[0.199s] Level 5:colcon.colcon_core.verb:set package 'hand_eye_calibration' build argument 'cmake_target' from command line to 'None'
[0.199s] Level 5:colcon.colcon_core.verb:set package 'hand_eye_calibration' build argument 'cmake_target_skip_unavailable' from command line to 'False'
[0.199s] Level 5:colcon.colcon_core.verb:set package 'hand_eye_calibration' build argument 'cmake_clean_cache' from command line to 'False'
[0.199s] Level 5:colcon.colcon_core.verb:set package 'hand_eye_calibration' build argument 'cmake_clean_first' from command line to 'False'
[0.199s] Level 5:colcon.colcon_core.verb:set package 'hand_eye_calibration' build argument 'cmake_force_configure' from command line to 'False'
[0.199s] Level 5:colcon.colcon_core.verb:set package 'hand_eye_calibration' build argument 'ament_cmake_args' from command line to 'None'
[0.199s] Level 5:colcon.colcon_core.verb:set package 'hand_eye_calibration' build argument 'catkin_cmake_args' from command line to 'None'
[0.199s] Level 5:colcon.colcon_core.verb:set package 'hand_eye_calibration' build argument 'catkin_skip_building_tests' from command line to 'False'
[0.199s] DEBUG:colcon.colcon_core.verb:Building package 'hand_eye_calibration' with the following arguments: {'ament_cmake_args': None, 'build_base': '/home/parallels/calib_ws/build/hand_eye_calibration', 'catkin_cmake_args': None, 'catkin_skip_building_tests': False, 'cmake_args': None, 'cmake_clean_cache': False, 'cmake_clean_first': False, 'cmake_force_configure': False, 'cmake_target': None, 'cmake_target_skip_unavailable': False, 'install_base': '/home/parallels/calib_ws/install/hand_eye_calibration', 'merge_install': False, 'path': '/home/parallels/calib_ws/src/hand_eye_calibration', 'symlink_install': False, 'test_result_base': None}
[0.199s] INFO:colcon.colcon_core.executor:Executing jobs using 'parallel' executor
[0.199s] DEBUG:colcon.colcon_parallel_executor.executor.parallel:run_until_complete
[0.199s] INFO:colcon.colcon_ros.task.ament_cmake.build:Building ROS package in '/home/parallels/calib_ws/src/hand_eye_calibration' with build type 'ament_cmake'
[0.199s] INFO:colcon.colcon_cmake.task.cmake.build:Building CMake package in '/home/parallels/calib_ws/src/hand_eye_calibration'
[0.201s] INFO:colcon.colcon_core.plugin_system:Skipping extension 'colcon_core.shell.bat': Not used on non-Windows systems
[0.201s] INFO:colcon.colcon_core.shell:Skip shell extension 'powershell' for command environment: Not usable outside of PowerShell
[0.201s] DEBUG:colcon.colcon_core.shell:Skip shell extension 'dsv' for command environment
[0.206s] DEBUG:colcon.colcon_core.event_handler.log_command:Invoking command in '/home/parallels/calib_ws/build/hand_eye_calibration': CMAKE_PREFIX_PATH=${CMAKE_PREFIX_PATH}:/opt/ros/humble /usr/bin/cmake --build /home/parallels/calib_ws/build/hand_eye_calibration -- -j2 -l2
[6.119s] DEBUG:colcon.colcon_core.event_handler.log_command:Invoked command in '/home/parallels/calib_ws/build/hand_eye_calibration' returned '0': CMAKE_PREFIX_PATH=${CMAKE_PREFIX_PATH}:/opt/ros/humble /usr/bin/cmake --build /home/parallels/calib_ws/build/hand_eye_calibration -- -j2 -l2
[6.123s] DEBUG:colcon.colcon_core.event_handler.log_command:Invoking command in '/home/parallels/calib_ws/build/hand_eye_calibration': CMAKE_PREFIX_PATH=${CMAKE_PREFIX_PATH}:/opt/ros/humble /usr/bin/cmake --install /home/parallels/calib_ws/build/hand_eye_calibration
[6.130s] Level 1:colcon.colcon_core.environment:create_environment_scripts_only(hand_eye_calibration)
[6.131s] DEBUG:colcon.colcon_core.event_handler.log_command:Invoked command in '/home/parallels/calib_ws/build/hand_eye_calibration' returned '0': CMAKE_PREFIX_PATH=${CMAKE_PREFIX_PATH}:/opt/ros/humble /usr/bin/cmake --install /home/parallels/calib_ws/build/hand_eye_calibration
[6.134s] Level 1:colcon.colcon_core.environment:checking '/home/parallels/calib_ws/install/hand_eye_calibration' for CMake module files
[6.134s] Level 1:colcon.colcon_core.environment:checking '/home/parallels/calib_ws/install/hand_eye_calibration' for CMake config files
[6.134s] Level 1:colcon.colcon_core.shell:create_environment_hook('hand_eye_calibration', 'cmake_prefix_path')
[6.134s] INFO:colcon.colcon_core.shell:Creating environment hook '/home/parallels/calib_ws/install/hand_eye_calibration/share/hand_eye_calibration/hook/cmake_prefix_path.ps1'
[6.135s] INFO:colcon.colcon_core.shell:Creating environment descriptor '/home/parallels/calib_ws/install/hand_eye_calibration/share/hand_eye_calibration/hook/cmake_prefix_path.dsv'
[6.135s] INFO:colcon.colcon_core.shell:Creating environment hook '/home/parallels/calib_ws/install/hand_eye_calibration/share/hand_eye_calibration/hook/cmake_prefix_path.sh'
[6.136s] Level 1:colcon.colcon_core.environment:checking '/home/parallels/calib_ws/install/hand_eye_calibration/lib'
[6.136s] Level 1:colcon.colcon_core.environment:checking '/home/parallels/calib_ws/install/hand_eye_calibration/bin'
[6.136s] Level 1:colcon.colcon_core.environment:checking '/home/parallels/calib_ws/install/hand_eye_calibration/lib/pkgconfig/hand_eye_calibration.pc'
[6.136s] Level 1:colcon.colcon_core.environment:checking '/home/parallels/calib_ws/install/hand_eye_calibration/lib/python3.10/site-packages'
[6.136s] Level 1:colcon.colcon_core.environment:checking '/home/parallels/calib_ws/install/hand_eye_calibration/bin'
[6.136s] INFO:colcon.colcon_core.shell:Creating package script '/home/parallels/calib_ws/install/hand_eye_calibration/share/hand_eye_calibration/package.ps1'
[6.137s] INFO:colcon.colcon_core.shell:Creating package descriptor '/home/parallels/calib_ws/install/hand_eye_calibration/share/hand_eye_calibration/package.dsv'
[6.137s] INFO:colcon.colcon_core.shell:Creating package script '/home/parallels/calib_ws/install/hand_eye_calibration/share/hand_eye_calibration/package.sh'
[6.137s] INFO:colcon.colcon_core.shell:Creating package script '/home/parallels/calib_ws/install/hand_eye_calibration/share/hand_eye_calibration/package.bash'
[6.138s] INFO:colcon.colcon_core.shell:Creating package script '/home/parallels/calib_ws/install/hand_eye_calibration/share/hand_eye_calibration/package.zsh'
[6.138s] Level 1:colcon.colcon_core.environment:create_file_with_runtime_dependencies(/home/parallels/calib_ws/install/hand_eye_calibration/share/colcon-core/packages/hand_eye_calibration)
[6.138s] Level 1:colcon.colcon_core.environment:create_environment_scripts_only(hand_eye_calibration)
[6.139s] Level 1:colcon.colcon_core.environment:checking '/home/parallels/calib_ws/install/hand_eye_calibration' for CMake module files
[6.139s] Level 1:colcon.colcon_core.environment:checking '/home/parallels/calib_ws/install/hand_eye_calibration' for CMake config files
[6.139s] Level 1:colcon.colcon_core.shell:create_environment_hook('hand_eye_calibration', 'cmake_prefix_path')
[6.139s] INFO:colcon.colcon_core.shell:Creating environment hook '/home/parallels/calib_ws/install/hand_eye_calibration/share/hand_eye_calibration/hook/cmake_prefix_path.ps1'
[6.139s] INFO:colcon.colcon_core.shell:Creating environment descriptor '/home/parallels/calib_ws/install/hand_eye_calibration/share/hand_eye_calibration/hook/cmake_prefix_path.dsv'
[6.139s] INFO:colcon.colcon_core.shell:Creating environment hook '/home/parallels/calib_ws/install/hand_eye_calibration/share/hand_eye_calibration/hook/cmake_prefix_path.sh'
[6.139s] Level 1:colcon.colcon_core.environment:checking '/home/parallels/calib_ws/install/hand_eye_calibration/lib'
[6.139s] Level 1:colcon.colcon_core.environment:checking '/home/parallels/calib_ws/install/hand_eye_calibration/bin'
[6.139s] Level 1:colcon.colcon_core.environment:checking '/home/parallels/calib_ws/install/hand_eye_calibration/lib/pkgconfig/hand_eye_calibration.pc'
[6.139s] Level 1:colcon.colcon_core.environment:checking '/home/parallels/calib_ws/install/hand_eye_calibration/lib/python3.10/site-packages'
[6.140s] Level 1:colcon.colcon_core.environment:checking '/home/parallels/calib_ws/install/hand_eye_calibration/bin'
[6.140s] INFO:colcon.colcon_core.shell:Creating package script '/home/parallels/calib_ws/install/hand_eye_calibration/share/hand_eye_calibration/package.ps1'
[6.140s] INFO:colcon.colcon_core.shell:Creating package descriptor '/home/parallels/calib_ws/install/hand_eye_calibration/share/hand_eye_calibration/package.dsv'
[6.140s] INFO:colcon.colcon_core.shell:Creating package script '/home/parallels/calib_ws/install/hand_eye_calibration/share/hand_eye_calibration/package.sh'
[6.140s] INFO:colcon.colcon_core.shell:Creating package script '/home/parallels/calib_ws/install/hand_eye_calibration/share/hand_eye_calibration/package.bash'
[6.140s] INFO:colcon.colcon_core.shell:Creating package script '/home/parallels/calib_ws/install/hand_eye_calibration/share/hand_eye_calibration/package.zsh'
[6.140s] Level 1:colcon.colcon_core.environment:create_file_with_runtime_dependencies(/home/parallels/calib_ws/install/hand_eye_calibration/share/colcon-core/packages/hand_eye_calibration)
[6.141s] DEBUG:colcon.colcon_parallel_executor.executor.parallel:closing loop
[6.141s] DEBUG:colcon.colcon_parallel_executor.executor.parallel:loop closed
[6.141s] DEBUG:colcon.colcon_parallel_executor.executor.parallel:run_until_complete finished with '0'
[6.141s] DEBUG:colcon.colcon_core.event_reactor:joining thread
[6.144s] INFO:colcon.colcon_core.plugin_system:Skipping extension 'colcon_notification.desktop_notification.terminal_notifier': Not used on non-Darwin systems
[6.144s] INFO:colcon.colcon_core.plugin_system:Skipping extension 'colcon_notification.desktop_notification.win32': Not used on non-Windows systems
[6.144s] INFO:colcon.colcon_notification.desktop_notification:Sending desktop notification using 'notify2'
[6.152s] DEBUG:colcon.colcon_core.event_reactor:joined thread
[6.152s] INFO:colcon.colcon_core.shell:Creating prefix script '/home/parallels/calib_ws/install/local_setup.ps1'
[6.152s] INFO:colcon.colcon_core.shell:Creating prefix util module '/home/parallels/calib_ws/install/_local_setup_util_ps1.py'
[6.153s] INFO:colcon.colcon_core.shell:Creating prefix chain script '/home/parallels/calib_ws/install/setup.ps1'
[6.155s] INFO:colcon.colcon_core.shell:Creating prefix script '/home/parallels/calib_ws/install/local_setup.sh'
[6.155s] INFO:colcon.colcon_core.shell:Creating prefix util module '/home/parallels/calib_ws/install/_local_setup_util_sh.py'
[6.155s] INFO:colcon.colcon_core.shell:Creating prefix chain script '/home/parallels/calib_ws/install/setup.sh'
[6.156s] INFO:colcon.colcon_core.shell:Creating prefix script '/home/parallels/calib_ws/install/local_setup.bash'
[6.156s] INFO:colcon.colcon_core.shell:Creating prefix chain script '/home/parallels/calib_ws/install/setup.bash'
[6.156s] INFO:colcon.colcon_core.shell:Creating prefix script '/home/parallels/calib_ws/install/local_setup.zsh'
[6.157s] INFO:colcon.colcon_core.shell:Creating prefix chain script '/home/parallels/calib_ws/install/setup.zsh'
