[0.006s] Invoking command in '/home/parallels/calib_ws/build/hand_eye_calibration': CMAKE_PREFIX_PATH=${CMAKE_PREFIX_PATH}:/opt/ros/humble /usr/bin/cmake --build /home/parallels/calib_ws/build/hand_eye_calibration -- -j2 -l2
[0.077s] [35m[1mConsolidate compiler generated dependencies of target scan_processing_node[0m
[0.135s] [ 25%] [32mBuilding CXX object CMakeFiles/scan_processing_node.dir/src/scan_processing_node.cpp.o[0m
[0.140s] [ 75%] Built target calibration_node
[3.546s] [01m[K/home/parallels/calib_ws/src/hand_eye_calibration/src/scan_processing_node.cpp:[m[K In constructor ‘[01m[KPointCloudProcessor::PointCloudProcessor()[m[K’:
[3.546s] [01m[K/home/parallels/calib_ws/src/hand_eye_calibration/src/scan_processing_node.cpp:143:37:[m[K [01;31m[Kerror: [m[Ktoo many arguments to function ‘[01m[Kvoid visualizeMultiplePointClouds(std::vector<std::shared_ptr<pcl::PointCloud<pcl::PointXYZRGB> > >)[m[K’
[3.546s]   143 |         [01;31m[KvisualizeMultiplePointClouds(misaligned_clouds, "misaligned_clouds")[m[K;
[3.546s]       |         [01;31m[K~~~~~~~~~~~~~~~~~~~~~~~~~~~~^~~~~~~~~~~~~~~~~~~~~~~~~~~~~~~~~~~~~~~~[m[K
[3.546s] [01m[K/home/parallels/calib_ws/src/hand_eye_calibration/src/scan_processing_node.cpp:91:6:[m[K [01;36m[Knote: [m[Kdeclared here
[3.546s]    91 | void [01;36m[KvisualizeMultiplePointClouds[m[K(vector<PointCloud<PointXYZRGB>::Ptr> clouds) {
[3.546s]       |      [01;36m[K^~~~~~~~~~~~~~~~~~~~~~~~~~~~[m[K
[3.547s] [01m[K/home/parallels/calib_ws/src/hand_eye_calibration/src/scan_processing_node.cpp:153:34:[m[K [01;31m[Kerror: [m[Ktoo many arguments to function ‘[01m[Kvoid visualizeSinglePointCloud(pcl::PointCloud<pcl::PointXYZRGB>::Ptr)[m[K’
[3.547s]   153 |         [01;31m[KvisualizeSinglePointCloud(aligned_cloud, "aligned_cloud")[m[K;
[3.547s]       |         [01;31m[K~~~~~~~~~~~~~~~~~~~~~~~~~^~~~~~~~~~~~~~~~~~~~~~~~~~~~~~~~[m[K
[3.547s] [01m[K/home/parallels/calib_ws/src/hand_eye_calibration/src/scan_processing_node.cpp:105:6:[m[K [01;36m[Knote: [m[Kdeclared here
[3.547s]   105 | void [01;36m[KvisualizeSinglePointCloud[m[K(PointCloud<PointXYZRGB>::Ptr cloud) {
[3.547s]       |      [01;36m[K^~~~~~~~~~~~~~~~~~~~~~~~~[m[K
[6.034s] gmake[2]: *** [CMakeFiles/scan_processing_node.dir/build.make:76: CMakeFiles/scan_processing_node.dir/src/scan_processing_node.cpp.o] Error 1
[6.037s] gmake[1]: *** [CMakeFiles/Makefile2:139: CMakeFiles/scan_processing_node.dir/all] Error 2
[6.038s] gmake: *** [Makefile:146: all] Error 2
[6.109s] Invoked command in '/home/parallels/calib_ws/build/hand_eye_calibration' returned '2': CMAKE_PREFIX_PATH=${CMAKE_PREFIX_PATH}:/opt/ros/humble /usr/bin/cmake --build /home/parallels/calib_ws/build/hand_eye_calibration -- -j2 -l2
